{"meta": {"format": 3, "version": "7.12.0", "timestamp": "2025-12-04T06:58:38.933539", "branch_coverage": false, "show_contexts": false}, "files": {"backend/app/api/__init__.py": {"executed_lines": [0], "summary": {"covered_lines": 0, "num_statements": 0, "percent_covered": 100.0, "percent_covered_display": "100", "missing_lines": 0, "excluded_lines": 0, "percent_statements_covered": 100.0, "percent_statements_covered_display": "100"}, "missing_lines": [], "excluded_lines": [], "functions": {"": {"executed_lines": [], "summary": {"covered_lines": 0, "num_statements": 0, "percent_covered": 100.0, "percent_covered_display": "100", "missing_lines": 0, "excluded_lines": 0, "percent_statements_covered": 100.0, "percent_statements_covered_display": "100"}, "missing_lines": [], "excluded_lines": []}}, "classes": {"": {"executed_lines": [], "summary": {"covered_lines": 0, "num_statements": 0, "percent_covered": 100.0, "percent_covered_display": "100", "missing_lines": 0, "excluded_lines": 0, "percent_statements_covered": 100.0, "percent_statements_covered_display": "100"}, "missing_lines": [], "excluded_lines": []}}}, "backend/app/api/middleware.py": {"executed_lines": [1, 2, 3, 4, 5, 6, 7, 8, 10, 12, 13, 15, 18, 19, 24, 27, 30, 36, 37, 39, 41, 42, 46, 47, 48, 49, 91, 92, 96, 97, 98, 100, 101, 103, 105, 108, 115, 117, 119, 123, 134, 142, 145, 148, 151, 153], "summary": {"covered_lines": 44, "num_statements": 56, "percent_covered": 78.57142857142857, "percent_covered_display": "79", "missing_lines": 12, "excluded_lines": 0, "percent_statements_covered": 78.57142857142857, "percent_statements_covered_display": "79"}, "missing_lines": [51, 53, 55, 57, 58, 67, 69, 70, 79, 81, 82, 109], "excluded_lines": [], "functions": {"RequestLoggingMiddleware.dispatch": {"executed_lines": [15, 18, 19, 24, 27, 30, 36, 37, 39], "summary": {"covered_lines": 9, "num_statements": 9, "percent_covered": 100.0, "percent_covered_display": "100", "missing_lines": 0, "excluded_lines": 0, "percent_statements_covered": 100.0, "percent_statements_covered_display": "100"}, "missing_lines": [], "excluded_lines": []}, "ErrorHandlingMiddleware.dispatch": {"executed_lines": [47, 48, 49], "summary": {"covered_lines": 3, "num_statements": 14, "percent_covered": 21.428571428571427, "percent_covered_display": "21", "missing_lines": 11, "excluded_lines": 0, "percent_statements_covered": 21.428571428571427, "percent_statements_covered_display": "21"}, "missing_lines": [51, 53, 55, 57, 58, 67, 69, 70, 79, 81, 82], "excluded_lines": []}, "PerformanceMiddleware.__init__": {"executed_lines": [97, 98], "summary": {"covered_lines": 2, "num_statements": 2, "percent_covered": 100.0, "percent_covered_display": "100", "missing_lines": 0, "excluded_lines": 0, "percent_statements_covered": 100.0, "percent_statements_covered_display": "100"}, "missing_lines": [], "excluded_lines": []}, "PerformanceMiddleware.dispatch": {"executed_lines": [101, 103, 105, 108, 115, 117], "summary": {"covered_lines": 6, "num_statements": 7, "percent_covered": 85.71428571428571, "percent_covered_display": "86", "missing_lines": 1, "excluded_lines": 0, "percent_statements_covered": 85.71428571428571, "percent_statements_covered_display": "86"}, "missing_lines": [109], "excluded_lines": []}, "setup_cors_middleware": {"executed_lines": [123], "summary": {"covered_lines": 1, "num_statements": 1, "percent_covered": 100.0, "percent_covered_display": "100", "missing_lines": 0, "excluded_lines": 0, "percent_statements_covered": 100.0, "percent_statements_covered_display": "100"}, "missing_lines": [], "excluded_lines": []}, "add_middleware_to_app": {"executed_lines": [142, 145, 148, 151, 153], "summary": {"covered_lines": 5, "num_statements": 5, "percent_covered": 100.0, "percent_covered_display": "100", "missing_lines": 0, "excluded_lines": 0, "percent_statements_covered": 100.0, "percent_statements_covered_display": "100"}, "missing_lines": [], "excluded_lines": []}, "": {"executed_lines": [1, 2, 3, 4, 5, 6, 7, 8, 10, 12, 13, 41, 42, 46, 91, 92, 96, 100, 119, 134], "summary": {"covered_lines": 18, "num_statements": 18, "percent_covered": 100.0, "percent_covered_display": "100", "missing_lines": 0, "excluded_lines": 0, "percent_statements_covered": 100.0, "percent_statements_covered_display": "100"}, "missing_lines": [], "excluded_lines": []}}, "classes": {"RequestLoggingMiddleware": {"executed_lines": [15, 18, 19, 24, 27, 30, 36, 37, 39], "summary": {"covered_lines": 9, "num_statements": 9, "percent_covered": 100.0, "percent_covered_display": "100", "missing_lines": 0, "excluded_lines": 0, "percent_statements_covered": 100.0, "percent_statements_covered_display": "100"}, "missing_lines": [], "excluded_lines": []}, "ErrorHandlingMiddleware": {"executed_lines": [47, 48, 49], "summary": {"covered_lines": 3, "num_statements": 14, "percent_covered": 21.428571428571427, "percent_covered_display": "21", "missing_lines": 11, "excluded_lines": 0, "percent_statements_covered": 21.428571428571427, "percent_statements_covered_display": "21"}, "missing_lines": [51, 53, 55, 57, 58, 67, 69, 70, 79, 81, 82], "excluded_lines": []}, "PerformanceMiddleware": {"executed_lines": [97, 98, 101, 103, 105, 108, 115, 117], "summary": {"covered_lines": 8, "num_statements": 9, "percent_covered": 88.88888888888889, "percent_covered_display": "89", "missing_lines": 1, "excluded_lines": 0, "percent_statements_covered": 88.88888888888889, "percent_statements_covered_display": "89"}, "missing_lines": [109], "excluded_lines": []}, "": {"executed_lines": [1, 2, 3, 4, 5, 6, 7, 8, 10, 12, 13, 41, 42, 46, 91, 92, 96, 100, 119, 123, 134, 142, 145, 148, 151, 153], "summary": {"covered_lines": 24, "num_statements": 24, "percent_covered": 100.0, "percent_covered_display": "100", "missing_lines": 0, "excluded_lines": 0, "percent_statements_covered": 100.0, "percent_statements_covered_display": "100"}, "missing_lines": [], "excluded_lines": []}}}, "backend/app/api/v1/__init__.py": {"executed_lines": [0], "summary": {"covered_lines": 0, "num_statements": 0, "percent_covered": 100.0, "percent_covered_display": "100", "missing_lines": 0, "excluded_lines": 0, "percent_statements_covered": 100.0, "percent_statements_covered_display": "100"}, "missing_lines": [], "excluded_lines": [], "functions": {"": {"executed_lines": [], "summary": {"covered_lines": 0, "num_statements": 0, "percent_covered": 100.0, "percent_covered_display": "100", "missing_lines": 0, "excluded_lines": 0, "percent_statements_covered": 100.0, "percent_statements_covered_display": "100"}, "missing_lines": [], "excluded_lines": []}}, "classes": {"": {"executed_lines": [], "summary": {"covered_lines": 0, "num_statements": 0, "percent_covered": 100.0, "percent_covered_display": "100", "missing_lines": 0, "excluded_lines": 0, "percent_statements_covered": 100.0, "percent_statements_covered_display": "100"}, "missing_lines": [], "excluded_lines": []}}}, "backend/app/api/v1/endpoints/__init__.py": {"executed_lines": [0], "summary": {"covered_lines": 0, "num_statements": 0, "percent_covered": 100.0, "percent_covered_display": "100", "missing_lines": 0, "excluded_lines": 0, "percent_statements_covered": 100.0, "percent_statements_covered_display": "100"}, "missing_lines": [], "excluded_lines": [], "functions": {"": {"executed_lines": [], "summary": {"covered_lines": 0, "num_statements": 0, "percent_covered": 100.0, "percent_covered_display": "100", "missing_lines": 0, "excluded_lines": 0, "percent_statements_covered": 100.0, "percent_statements_covered_display": "100"}, "missing_lines": [], "excluded_lines": []}}, "classes": {"": {"executed_lines": [], "summary": {"covered_lines": 0, "num_statements": 0, "percent_covered": 100.0, "percent_covered_display": "100", "missing_lines": 0, "excluded_lines": 0, "percent_statements_covered": 100.0, "percent_statements_covered_display": "100"}, "missing_lines": [], "excluded_lines": []}}}, "backend/app/api/v1/endpoints/auth.py": {"executed_lines": [1, 4, 5, 6, 7, 8, 9, 16, 18, 22, 23, 24, 25, 28, 29, 30, 31, 34, 35, 36, 37, 38, 39, 40, 42, 43, 46, 47, 48, 49, 51, 52, 53, 59, 60, 61, 62, 65, 66, 67, 71, 72, 81, 83, 84, 90, 97, 101, 104, 105, 115, 116, 143, 144], "summary": {"covered_lines": 47, "num_statements": 81, "percent_covered": 58.02469135802469, "percent_covered_display": "58", "missing_lines": 34, "excluded_lines": 0, "percent_statements_covered": 58.02469135802469, "percent_statements_covered_display": "58"}, "missing_lines": [54, 55, 56, 91, 111, 130, 131, 137, 138, 140, 160, 161, 167, 172, 173, 179, 182, 183, 186, 187, 188, 191, 195, 197, 198, 199, 202, 203, 204, 205, 208, 209, 211, 213], "excluded_lines": [], "functions": {"ChangePasswordRequest.validate_new_password": {"executed_lines": [], "summary": {"covered_lines": 0, "num_statements": 3, "percent_covered": 0.0, "percent_covered_display": "0", "missing_lines": 3, "excluded_lines": 0, "percent_statements_covered": 0.0, "percent_statements_covered_display": "0"}, "missing_lines": [54, 55, 56], "excluded_lines": []}, "login": {"executed_lines": [81, 83, 84, 90, 97, 101], "summary": {"covered_lines": 6, "num_statements": 7, "percent_covered": 85.71428571428571, "percent_covered_display": "86", "missing_lines": 1, "excluded_lines": 0, "percent_statements_covered": 85.71428571428571, "percent_statements_covered_display": "86"}, "missing_lines": [91], "excluded_lines": []}, "get_current_user_info": {"executed_lines": [], "summary": {"covered_lines": 0, "num_statements": 1, "percent_covered": 0.0, "percent_covered_display": "0", "missing_lines": 1, "excluded_lines": 0, "percent_statements_covered": 0.0, "percent_statements_covered_display": "0"}, "missing_lines": [111], "excluded_lines": []}, "change_password": {"executed_lines": [], "summary": {"covered_lines": 0, "num_statements": 5, "percent_covered": 0.0, "percent_covered_display": "0", "missing_lines": 5, "excluded_lines": 0, "percent_statements_covered": 0.0, "percent_statements_covered_display": "0"}, "missing_lines": [130, 131, 137, 138, 140], "excluded_lines": []}, "change_email": {"executed_lines": [], "summary": {"covered_lines": 0, "num_statements": 24, "percent_covered": 0.0, "percent_covered_display": "0", "missing_lines": 24, "excluded_lines": 0, "percent_statements_covered": 0.0, "percent_statements_covered_display": "0"}, "missing_lines": [160, 161, 167, 172, 173, 179, 182, 183, 186, 187, 188, 191, 195, 197, 198, 199, 202, 203, 204, 205, 208, 209, 211, 213], "excluded_lines": []}, "": {"executed_lines": [1, 4, 5, 6, 7, 8, 9, 16, 18, 22, 23, 24, 25, 28, 29, 30, 31, 34, 35, 36, 37, 38, 39, 40, 42, 43, 46, 47, 48, 49, 51, 52, 53, 59, 60, 61, 62, 65, 66, 67, 71, 72, 104, 105, 115, 116, 143, 144], "summary": {"covered_lines": 41, "num_statements": 41, "percent_covered": 100.0, "percent_covered_display": "100", "missing_lines": 0, "excluded_lines": 0, "percent_statements_covered": 100.0, "percent_statements_covered_display": "100"}, "missing_lines": [], "excluded_lines": []}}, "classes": {"LoginRequest": {"executed_lines": [], "summary": {"covered_lines": 0, "num_statements": 0, "percent_covered": 100.0, "percent_covered_display": "100", "missing_lines": 0, "excluded_lines": 0, "percent_statements_covered": 100.0, "percent_statements_covered_display": "100"}, "missing_lines": [], "excluded_lines": []}, "TokenResponse": {"executed_lines": [], "summary": {"covered_lines": 0, "num_statements": 0, "percent_covered": 100.0, "percent_covered_display": "100", "missing_lines": 0, "excluded_lines": 0, "percent_statements_covered": 100.0, "percent_statements_covered_display": "100"}, "missing_lines": [], "excluded_lines": []}, "UserResponse": {"executed_lines": [], "summary": {"covered_lines": 0, "num_statements": 0, "percent_covered": 100.0, "percent_covered_display": "100", "missing_lines": 0, "excluded_lines": 0, "percent_statements_covered": 100.0, "percent_statements_covered_display": "100"}, "missing_lines": [], "excluded_lines": []}, "UserResponse.Config": {"executed_lines": [], "summary": {"covered_lines": 0, "num_statements": 0, "percent_covered": 100.0, "percent_covered_display": "100", "missing_lines": 0, "excluded_lines": 0, "percent_statements_covered": 100.0, "percent_statements_covered_display": "100"}, "missing_lines": [], "excluded_lines": []}, "ChangePasswordRequest": {"executed_lines": [], "summary": {"covered_lines": 0, "num_statements": 3, "percent_covered": 0.0, "percent_covered_display": "0", "missing_lines": 3, "excluded_lines": 0, "percent_statements_covered": 0.0, "percent_statements_covered_display": "0"}, "missing_lines": [54, 55, 56], "excluded_lines": []}, "ChangeEmailRequest": {"executed_lines": [], "summary": {"covered_lines": 0, "num_statements": 0, "percent_covered": 100.0, "percent_covered_display": "100", "missing_lines": 0, "excluded_lines": 0, "percent_statements_covered": 100.0, "percent_statements_covered_display": "100"}, "missing_lines": [], "excluded_lines": []}, "MessageResponse": {"executed_lines": [], "summary": {"covered_lines": 0, "num_statements": 0, "percent_covered": 100.0, "percent_covered_display": "100", "missing_lines": 0, "excluded_lines": 0, "percent_statements_covered": 100.0, "percent_statements_covered_display": "100"}, "missing_lines": [], "excluded_lines": []}, "": {"executed_lines": [1, 4, 5, 6, 7, 8, 9, 16, 18, 22, 23, 24, 25, 28, 29, 30, 31, 34, 35, 36, 37, 38, 39, 40, 42, 43, 46, 47, 48, 49, 51, 52, 53, 59, 60, 61, 62, 65, 66, 67, 71, 72, 81, 83, 84, 90, 97, 101, 104, 105, 115, 116, 143, 144], "summary": {"covered_lines": 47, "num_statements": 78, "percent_covered": 60.256410256410255, "percent_covered_display": "60", "missing_lines": 31, "excluded_lines": 0, "percent_statements_covered": 60.256410256410255, "percent_statements_covered_display": "60"}, "missing_lines": [91, 111, 130, 131, 137, 138, 140, 160, 161, 167, 172, 173, 179, 182, 183, 186, 187, 188, 191, 195, 197, 198, 199, 202, 203, 204, 205, 208, 209, 211, 213], "excluded_lines": []}}}, "backend/app/api/v1/endpoints/device_alerts.py": {"executed_lines": [1, 2, 3, 4, 5, 6, 7, 9, 18, 19, 92, 93], "summary": {"covered_lines": 12, "num_statements": 61, "percent_covered": 19.672131147540984, "percent_covered_display": "20", "missing_lines": 49, "excluded_lines": 0, "percent_statements_covered": 19.672131147540984, "percent_statements_covered_display": "20"}, "missing_lines": [40, 46, 47, 53, 54, 60, 61, 62, 64, 65, 68, 69, 70, 71, 72, 73, 75, 76, 77, 78, 79, 81, 83, 115, 120, 121, 127, 128, 134, 135, 136, 138, 143, 144, 146, 147, 150, 151, 152, 153, 154, 155, 157, 158, 159, 160, 161, 163, 165], "excluded_lines": [], "functions": {"manage_device_alert": {"executed_lines": [], "summary": {"covered_lines": 0, "num_statements": 23, "percent_covered": 0.0, "percent_covered_display": "0", "missing_lines": 23, "excluded_lines": 0, "percent_statements_covered": 0.0, "percent_statements_covered_display": "0"}, "missing_lines": [40, 46, 47, 53, 54, 60, 61, 62, 64, 65, 68, 69, 70, 71, 72, 73, 75, 76, 77, 78, 79, 81, 83], "excluded_lines": []}, "manage_interface_alert": {"executed_lines": [], "summary": {"covered_lines": 0, "num_statements": 26, "percent_covered": 0.0, "percent_covered_display": "0", "missing_lines": 26, "excluded_lines": 0, "percent_statements_covered": 0.0, "percent_statements_covered_display": "0"}, "missing_lines": [115, 120, 121, 127, 128, 134, 135, 136, 138, 143, 144, 146, 147, 150, 151, 152, 153, 154, 155, 157, 158, 159, 160, 161, 163, 165], "excluded_lines": []}, "": {"executed_lines": [1, 2, 3, 4, 5, 6, 7, 9, 18, 19, 92, 93], "summary": {"covered_lines": 12, "num_statements": 12, "percent_covered": 100.0, "percent_covered_display": "100", "missing_lines": 0, "excluded_lines": 0, "percent_statements_covered": 100.0, "percent_statements_covered_display": "100"}, "missing_lines": [], "excluded_lines": []}}, "classes": {"": {"executed_lines": [1, 2, 3, 4, 5, 6, 7, 9, 18, 19, 92, 93], "summary": {"covered_lines": 12, "num_statements": 61, "percent_covered": 19.672131147540984, "percent_covered_display": "20", "missing_lines": 49, "excluded_lines": 0, "percent_statements_covered": 19.672131147540984, "percent_statements_covered_display": "20"}, "missing_lines": [40, 46, 47, 53, 54, 60, 61, 62, 64, 65, 68, 69, 70, 71, 72, 73, 75, 76, 77, 78, 79, 81, 83, 115, 120, 121, 127, 128, 134, 135, 136, 138, 143, 144, 146, 147, 150, 151, 152, 153, 154, 155, 157, 158, 159, 160, 161, 163, 165], "excluded_lines": []}}}, "backend/app/api/v1/endpoints/device_config.py": {"executed_lines": [1, 2, 3, 4, 5, 6, 7, 8, 10, 17, 18, 24, 25, 26, 28, 29, 30, 31, 32, 33, 35, 36, 38, 39, 40, 42, 45, 46, 57, 58, 61, 66, 69, 70, 71, 73, 78, 79], "summary": {"covered_lines": 38, "num_statements": 51, "percent_covered": 74.50980392156863, "percent_covered_display": "75", "missing_lines": 13, "excluded_lines": 0, "percent_statements_covered": 74.50980392156863, "percent_statements_covered_display": "75"}, "missing_lines": [59, 67, 85, 86, 87, 89, 90, 91, 92, 94, 95, 97, 99], "excluded_lines": [], "functions": {"update_device_thresholds_batch": {"executed_lines": [24, 25, 26, 28, 29, 30, 31, 32, 33, 35, 36, 38, 39, 40, 42], "summary": {"covered_lines": 15, "num_statements": 15, "percent_covered": 100.0, "percent_covered_display": "100", "missing_lines": 0, "excluded_lines": 0, "percent_statements_covered": 100.0, "percent_statements_covered_display": "100"}, "missing_lines": [], "excluded_lines": []}, "update_interface_threshold_endpoint": {"executed_lines": [57, 58, 61, 66, 69, 70, 71, 73], "summary": {"covered_lines": 8, "num_statements": 10, "percent_covered": 80.0, "percent_covered_display": "80", "missing_lines": 2, "excluded_lines": 0, "percent_statements_covered": 80.0, "percent_statements_covered_display": "80"}, "missing_lines": [59, 67], "excluded_lines": []}, "update_maintenance_mode": {"executed_lines": [], "summary": {"covered_lines": 0, "num_statements": 11, "percent_covered": 0.0, "percent_covered_display": "0", "missing_lines": 11, "excluded_lines": 0, "percent_statements_covered": 0.0, "percent_statements_covered_display": "0"}, "missing_lines": [85, 86, 87, 89, 90, 91, 92, 94, 95, 97, 99], "excluded_lines": []}, "": {"executed_lines": [1, 2, 3, 4, 5, 6, 7, 8, 10, 17, 18, 45, 46, 78, 79], "summary": {"covered_lines": 15, "num_statements": 15, "percent_covered": 100.0, "percent_covered_display": "100", "missing_lines": 0, "excluded_lines": 0, "percent_statements_covered": 100.0, "percent_statements_covered_display": "100"}, "missing_lines": [], "excluded_lines": []}}, "classes": {"": {"executed_lines": [1, 2, 3, 4, 5, 6, 7, 8, 10, 17, 18, 24, 25, 26, 28, 29, 30, 31, 32, 33, 35, 36, 38, 39, 40, 42, 45, 46, 57, 58, 61, 66, 69, 70, 71, 73, 78, 79], "summary": {"covered_lines": 38, "num_statements": 51, "percent_covered": 74.50980392156863, "percent_covered_display": "75", "missing_lines": 13, "excluded_lines": 0, "percent_statements_covered": 74.50980392156863, "percent_statements_covered_display": "75"}, "missing_lines": [59, 67, 85, 86, 87, 89, 90, 91, 92, 94, 95, 97, 99], "excluded_lines": []}}}, "backend/app/api/v1/endpoints/devices.py": {"executed_lines": [1, 2, 3, 4, 5, 6, 7, 8, 9, 10, 11, 12, 13, 15, 22, 23, 47, 48, 92, 93, 97, 98, 101, 102, 107, 108, 109, 110, 113, 114], "summary": {"covered_lines": 30, "num_statements": 58, "percent_covered": 51.724137931034484, "percent_covered_display": "52", "missing_lines": 28, "excluded_lines": 0, "percent_statements_covered": 51.724137931034484, "percent_statements_covered_display": "52"}, "missing_lines": [29, 30, 31, 32, 33, 35, 40, 41, 42, 62, 64, 67, 68, 70, 71, 72, 76, 77, 78, 79, 84, 85, 86, 87, 88, 89, 119, 120], "excluded_lines": [], "functions": {"discovery_api": {"executed_lines": [], "summary": {"covered_lines": 0, "num_statements": 9, "percent_covered": 0.0, "percent_covered_display": "0", "missing_lines": 9, "excluded_lines": 0, "percent_statements_covered": 0.0, "percent_statements_covered_display": "0"}, "missing_lines": [29, 30, 31, 32, 33, 35, 40, 41, 42], "excluded_lines": []}, "create_device_endpoint": {"executed_lines": [], "summary": {"covered_lines": 0, "num_statements": 17, "percent_covered": 0.0, "percent_covered_display": "0", "missing_lines": 17, "excluded_lines": 0, "percent_statements_covered": 0.0, "percent_statements_covered_display": "0"}, "missing_lines": [62, 64, 67, 68, 70, 71, 72, 76, 77, 78, 79, 84, 85, 86, 87, 88, 89], "excluded_lines": []}, "get_all_devices_endpoint": {"executed_lines": [97, 98], "summary": {"covered_lines": 2, "num_statements": 2, "percent_covered": 100.0, "percent_covered_display": "100", "missing_lines": 0, "excluded_lines": 0, "percent_statements_covered": 100.0, "percent_statements_covered_display": "100"}, "missing_lines": [], "excluded_lines": []}, "get_devices_endpoint": {"executed_lines": [107, 108, 109, 110], "summary": {"covered_lines": 4, "num_statements": 4, "percent_covered": 100.0, "percent_covered_display": "100", "missing_lines": 0, "excluded_lines": 0, "percent_statements_covered": 100.0, "percent_statements_covered_display": "100"}, "missing_lines": [], "excluded_lines": []}, "delete_devices_endpoint": {"executed_lines": [], "summary": {"covered_lines": 0, "num_statements": 2, "percent_covered": 0.0, "percent_covered_display": "0", "missing_lines": 2, "excluded_lines": 0, "percent_statements_covered": 0.0, "percent_statements_covered_display": "0"}, "missing_lines": [119, 120], "excluded_lines": []}, "": {"executed_lines": [1, 2, 3, 4, 5, 6, 7, 8, 9, 10, 11, 12, 13, 15, 22, 23, 47, 48, 92, 93, 101, 102, 113, 114], "summary": {"covered_lines": 24, "num_statements": 24, "percent_covered": 100.0, "percent_covered_display": "100", "missing_lines": 0, "excluded_lines": 0, "percent_statements_covered": 100.0, "percent_statements_covered_display": "100"}, "missing_lines": [], "excluded_lines": []}}, "classes": {"": {"executed_lines": [1, 2, 3, 4, 5, 6, 7, 8, 9, 10, 11, 12, 13, 15, 22, 23, 47, 48, 92, 93, 97, 98, 101, 102, 107, 108, 109, 110, 113, 114], "summary": {"covered_lines": 30, "num_statements": 58, "percent_covered": 51.724137931034484, "percent_covered_display": "52", "missing_lines": 28, "excluded_lines": 0, "percent_statements_covered": 51.724137931034484, "percent_statements_covered_display": "52"}, "missing_lines": [29, 30, 31, 32, 33, 35, 40, 41, 42, 62, 64, 67, 68, 70, 71, 72, 76, 77, 78, 79, 84, 85, 86, 87, 88, 89, 119, 120], "excluded_lines": []}}}, "backend/app/api/v1/endpoints/health.py": {"executed_lines": [1, 4, 5, 6, 7, 8, 9, 10, 12, 13, 15, 18, 19, 20, 21, 22, 25, 26, 27, 28, 29, 30, 33, 34, 96, 97, 125, 126, 182, 183, 206, 207], "summary": {"covered_lines": 29, "num_statements": 89, "percent_covered": 32.58426966292135, "percent_covered_display": "33", "missing_lines": 60, "excluded_lines": 0, "percent_statements_covered": 32.58426966292135, "percent_statements_covered_display": "33"}, "missing_lines": [36, 37, 38, 40, 41, 42, 43, 44, 48, 49, 53, 55, 56, 57, 58, 65, 66, 67, 71, 72, 76, 78, 83, 89, 99, 100, 101, 102, 104, 105, 112, 117, 118, 128, 129, 135, 136, 137, 145, 147, 148, 149, 150, 151, 153, 155, 156, 163, 168, 169, 174, 175, 185, 187, 188, 190, 191, 193, 198, 209], "excluded_lines": [], "functions": {"get_health": {"executed_lines": [], "summary": {"covered_lines": 0, "num_statements": 24, "percent_covered": 0.0, "percent_covered_display": "0", "missing_lines": 24, "excluded_lines": 0, "percent_statements_covered": 0.0, "percent_statements_covered_display": "0"}, "missing_lines": [36, 37, 38, 40, 41, 42, 43, 44, 48, 49, 53, 55, 56, 57, 58, 65, 66, 67, 71, 72, 76, 78, 83, 89], "excluded_lines": []}, "check_database": {"executed_lines": [], "summary": {"covered_lines": 0, "num_statements": 9, "percent_covered": 0.0, "percent_covered_display": "0", "missing_lines": 9, "excluded_lines": 0, "percent_statements_covered": 0.0, "percent_statements_covered_display": "0"}, "missing_lines": [99, 100, 101, 102, 104, 105, 112, 117, 118], "excluded_lines": []}, "check_redis": {"executed_lines": [], "summary": {"covered_lines": 0, "num_statements": 19, "percent_covered": 0.0, "percent_covered_display": "0", "missing_lines": 19, "excluded_lines": 0, "percent_statements_covered": 0.0, "percent_statements_covered_display": "0"}, "missing_lines": [128, 129, 135, 136, 137, 145, 147, 148, 149, 150, 151, 153, 155, 156, 163, 168, 169, 174, 175], "excluded_lines": []}, "check_all_services": {"executed_lines": [], "summary": {"covered_lines": 0, "num_statements": 7, "percent_covered": 0.0, "percent_covered_display": "0", "missing_lines": 7, "excluded_lines": 0, "percent_statements_covered": 0.0, "percent_statements_covered_display": "0"}, "missing_lines": [185, 187, 188, 190, 191, 193, 198], "excluded_lines": []}, "ping": {"executed_lines": [], "summary": {"covered_lines": 0, "num_statements": 1, "percent_covered": 0.0, "percent_covered_display": "0", "missing_lines": 1, "excluded_lines": 0, "percent_statements_covered": 0.0, "percent_statements_covered_display": "0"}, "missing_lines": [209], "excluded_lines": []}, "": {"executed_lines": [1, 4, 5, 6, 7, 8, 9, 10, 12, 13, 15, 18, 19, 20, 21, 22, 25, 26, 27, 28, 29, 30, 33, 34, 96, 97, 125, 126, 182, 183, 206, 207], "summary": {"covered_lines": 29, "num_statements": 29, "percent_covered": 100.0, "percent_covered_display": "100", "missing_lines": 0, "excluded_lines": 0, "percent_statements_covered": 100.0, "percent_statements_covered_display": "100"}, "missing_lines": [], "excluded_lines": []}}, "classes": {"HealthResponse": {"executed_lines": [], "summary": {"covered_lines": 0, "num_statements": 0, "percent_covered": 100.0, "percent_covered_display": "100", "missing_lines": 0, "excluded_lines": 0, "percent_statements_covered": 100.0, "percent_statements_covered_display": "100"}, "missing_lines": [], "excluded_lines": []}, "ServiceStatus": {"executed_lines": [], "summary": {"covered_lines": 0, "num_statements": 0, "percent_covered": 100.0, "percent_covered_display": "100", "missing_lines": 0, "excluded_lines": 0, "percent_statements_covered": 100.0, "percent_statements_covered_display": "100"}, "missing_lines": [], "excluded_lines": []}, "": {"executed_lines": [1, 4, 5, 6, 7, 8, 9, 10, 12, 13, 15, 18, 19, 20, 21, 22, 25, 26, 27, 28, 29, 30, 33, 34, 96, 97, 125, 126, 182, 183, 206, 207], "summary": {"covered_lines": 29, "num_statements": 89, "percent_covered": 32.58426966292135, "percent_covered_display": "33", "missing_lines": 60, "excluded_lines": 0, "percent_statements_covered": 32.58426966292135, "percent_statements_covered_display": "33"}, "missing_lines": [36, 37, 38, 40, 41, 42, 43, 44, 48, 49, 53, 55, 56, 57, 58, 65, 66, 67, 71, 72, 76, 78, 83, 89, 99, 100, 101, 102, 104, 105, 112, 117, 118, 128, 129, 135, 136, 137, 145, 147, 148, 149, 150, 151, 153, 155, 156, 163, 168, 169, 174, 175, 185, 187, 188, 190, 191, 193, 198, 209], "excluded_lines": []}}}, "backend/app/api/v1/endpoints/polling.py": {"executed_lines": [1, 2, 3, 4, 5, 6, 7, 8, 10, 11, 13, 18, 21, 22, 28, 29], "summary": {"covered_lines": 16, "num_statements": 30, "percent_covered": 53.333333333333336, "percent_covered_display": "53", "missing_lines": 14, "excluded_lines": 0, "percent_statements_covered": 53.333333333333336, "percent_statements_covered_display": "53"}, "missing_lines": [24, 25, 31, 33, 34, 36, 37, 38, 39, 40, 41, 42, 43, 45], "excluded_lines": [], "functions": {"get_polling_status": {"executed_lines": [], "summary": {"covered_lines": 0, "num_statements": 2, "percent_covered": 0.0, "percent_covered_display": "0", "missing_lines": 2, "excluded_lines": 0, "percent_statements_covered": 0.0, "percent_statements_covered_display": "0"}, "missing_lines": [24, 25], "excluded_lines": []}, "poll_all_device_api": {"executed_lines": [], "summary": {"covered_lines": 0, "num_statements": 12, "percent_covered": 0.0, "percent_covered_display": "0", "missing_lines": 12, "excluded_lines": 0, "percent_statements_covered": 0.0, "percent_statements_covered_display": "0"}, "missing_lines": [31, 33, 34, 36, 37, 38, 39, 40, 41, 42, 43, 45], "excluded_lines": []}, "": {"executed_lines": [1, 2, 3, 4, 5, 6, 7, 8, 10, 11, 13, 18, 21, 22, 28, 29], "summary": {"covered_lines": 16, "num_statements": 16, "percent_covered": 100.0, "percent_covered_display": "100", "missing_lines": 0, "excluded_lines": 0, "percent_statements_covered": 100.0, "percent_statements_covered_display": "100"}, "missing_lines": [], "excluded_lines": []}}, "classes": {"": {"executed_lines": [1, 2, 3, 4, 5, 6, 7, 8, 10, 11, 13, 18, 21, 22, 28, 29], "summary": {"covered_lines": 16, "num_statements": 30, "percent_covered": 53.333333333333336, "percent_covered_display": "53", "missing_lines": 14, "excluded_lines": 0, "percent_statements_covered": 53.333333333333336, "percent_statements_covered_display": "53"}, "missing_lines": [24, 25, 31, 33, 34, 36, 37, 38, 39, 40, 41, 42, 43, 45], "excluded_lines": []}}}, "backend/app/api/v1/endpoints/query.py": {"executed_lines": [1, 2, 3, 4, 5, 6, 7, 8, 9, 11, 16, 18, 20, 22, 24, 25, 27, 30, 31, 34, 35, 37, 45, 52, 60, 63, 68, 72, 80, 82, 90, 91, 97, 99, 100, 101, 104, 105, 108, 118, 125, 126, 128, 132, 133, 141, 142, 143, 145, 147, 159, 189, 208, 209, 214, 217, 220, 221, 224, 225, 229, 236, 237, 239, 241, 243, 244, 252, 254, 262, 263, 290, 291, 295, 316, 318, 324, 330, 337, 346, 347, 356, 359, 360, 519, 520, 524, 528, 533, 550, 589, 593, 608, 614, 638, 673, 680, 681, 754, 755, 798, 799, 860, 861, 921, 922], "summary": {"covered_lines": 106, "num_statements": 240, "percent_covered": 44.166666666666664, "percent_covered_display": "44", "missing_lines": 134, "excluded_lines": 0, "percent_statements_covered": 44.166666666666664, "percent_statements_covered_display": "44"}, "missing_lines": [21, 32, 83, 84, 119, 120, 121, 122, 204, 205, 215, 222, 245, 255, 256, 267, 268, 269, 271, 281, 282, 284, 348, 380, 383, 384, 387, 415, 417, 423, 429, 439, 452, 467, 469, 471, 474, 476, 477, 479, 480, 482, 483, 485, 486, 488, 490, 492, 493, 494, 496, 497, 498, 499, 501, 516, 551, 553, 554, 555, 556, 557, 559, 569, 571, 572, 573, 574, 575, 577, 595, 639, 641, 652, 653, 655, 656, 657, 658, 659, 661, 691, 692, 695, 718, 735, 743, 744, 745, 751, 764, 765, 768, 784, 785, 786, 795, 808, 809, 812, 835, 836, 837, 838, 841, 844, 845, 856, 857, 870, 871, 874, 890, 891, 898, 899, 900, 901, 908, 911, 912, 914, 931, 932, 935, 954, 955, 956, 957, 960, 961, 963, 972, 973], "excluded_lines": [], "functions": {"to_utc_iso": {"executed_lines": [20, 22], "summary": {"covered_lines": 2, "num_statements": 3, "percent_covered": 66.66666666666667, "percent_covered_display": "67", "missing_lines": 1, "excluded_lines": 0, "percent_statements_covered": 66.66666666666667, "percent_statements_covered_display": "67"}, "missing_lines": [21], "excluded_lines": []}, "get_network_summary": {"executed_lines": [27, 30, 31, 34, 35, 37, 45, 52, 60, 63, 68, 72, 80, 82], "summary": {"covered_lines": 14, "num_statements": 17, "percent_covered": 82.3529411764706, "percent_covered_display": "82", "missing_lines": 3, "excluded_lines": 0, "percent_statements_covered": 82.3529411764706, "percent_statements_covered_display": "82"}, "missing_lines": [32, 83, 84], "excluded_lines": []}, "get_device_metrics_history": {"executed_lines": [97, 99, 100, 101, 104, 105, 108, 118, 125, 126, 128], "summary": {"covered_lines": 11, "num_statements": 15, "percent_covered": 73.33333333333333, "percent_covered_display": "73", "missing_lines": 4, "excluded_lines": 0, "percent_statements_covered": 73.33333333333333, "percent_statements_covered_display": "73"}, "missing_lines": [119, 120, 121, 122], "excluded_lines": []}, "get_device_interface_summary": {"executed_lines": [141, 142, 143, 145, 147, 159, 189], "summary": {"covered_lines": 7, "num_statements": 9, "percent_covered": 77.77777777777777, "percent_covered_display": "78", "missing_lines": 2, "excluded_lines": 0, "percent_statements_covered": 77.77777777777777, "percent_statements_covered_display": "78"}, "missing_lines": [204, 205], "excluded_lines": []}, "get_top_devices": {"executed_lines": [214, 217, 220, 221, 224, 225, 229, 236, 237, 239, 241, 243, 244, 252, 254], "summary": {"covered_lines": 15, "num_statements": 20, "percent_covered": 75.0, "percent_covered_display": "75", "missing_lines": 5, "excluded_lines": 0, "percent_statements_covered": 75.0, "percent_statements_covered_display": "75"}, "missing_lines": [215, 222, 245, 255, 256], "excluded_lines": []}, "get_history_for_report": {"executed_lines": [], "summary": {"covered_lines": 0, "num_statements": 7, "percent_covered": 0.0, "percent_covered_display": "0", "missing_lines": 7, "excluded_lines": 0, "percent_statements_covered": 0.0, "percent_statements_covered_display": "0"}, "missing_lines": [267, 268, 269, 271, 281, 282, 284], "excluded_lines": []}, "get_network_throughput": {"executed_lines": [295, 316, 318, 324, 330, 337, 346, 347, 356], "summary": {"covered_lines": 9, "num_statements": 10, "percent_covered": 90.0, "percent_covered_display": "90", "missing_lines": 1, "excluded_lines": 0, "percent_statements_covered": 90.0, "percent_statements_covered_display": "90"}, "missing_lines": [348], "excluded_lines": []}, "get_device_utilization": {"executed_lines": [], "summary": {"covered_lines": 0, "num_statements": 33, "percent_covered": 0.0, "percent_covered_display": "0", "missing_lines": 33, "excluded_lines": 0, "percent_statements_covered": 0.0, "percent_statements_covered_display": "0"}, "missing_lines": [380, 383, 384, 387, 415, 417, 423, 429, 439, 452, 467, 469, 471, 474, 476, 477, 479, 480, 482, 483, 485, 486, 488, 490, 492, 493, 494, 496, 497, 498, 499, 501, 516], "excluded_lines": []}, "get_active_alerts": {"executed_lines": [524, 528, 533, 550, 589, 593, 608, 614, 638, 673], "summary": {"covered_lines": 10, "num_statements": 35, "percent_covered": 28.571428571428573, "percent_covered_display": "29", "missing_lines": 25, "excluded_lines": 0, "percent_statements_covered": 28.571428571428573, "percent_statements_covered_display": "29"}, "missing_lines": [551, 553, 554, 555, 556, 557, 559, 569, 571, 572, 573, 574, 575, 577, 595, 639, 641, 652, 653, 655, 656, 657, 658, 659, 661], "excluded_lines": []}, "get_report_network_throughput": {"executed_lines": [], "summary": {"covered_lines": 0, "num_statements": 9, "percent_covered": 0.0, "percent_covered_display": "0", "missing_lines": 9, "excluded_lines": 0, "percent_statements_covered": 0.0, "percent_statements_covered_display": "0"}, "missing_lines": [691, 692, 695, 718, 735, 743, 744, 745, 751], "excluded_lines": []}, "get_report_device_utilization": {"executed_lines": [], "summary": {"covered_lines": 0, "num_statements": 7, "percent_covered": 0.0, "percent_covered_display": "0", "missing_lines": 7, "excluded_lines": 0, "percent_statements_covered": 0.0, "percent_statements_covered_display": "0"}, "missing_lines": [764, 765, 768, 784, 785, 786, 795], "excluded_lines": []}, "get_report_packet_drops": {"executed_lines": [], "summary": {"covered_lines": 0, "num_statements": 12, "percent_covered": 0.0, "percent_covered_display": "0", "missing_lines": 12, "excluded_lines": 0, "percent_statements_covered": 0.0, "percent_statements_covered_display": "0"}, "missing_lines": [808, 809, 812, 835, 836, 837, 838, 841, 844, 845, 856, 857], "excluded_lines": []}, "get_report_uptime_summary": {"executed_lines": [], "summary": {"covered_lines": 0, "num_statements": 13, "percent_covered": 0.0, "percent_covered_display": "0", "missing_lines": 13, "excluded_lines": 0, "percent_statements_covered": 0.0, "percent_statements_covered_display": "0"}, "missing_lines": [870, 871, 874, 890, 891, 898, 899, 900, 901, 908, 911, 912, 914], "excluded_lines": []}, "get_report_availability": {"executed_lines": [], "summary": {"covered_lines": 0, "num_statements": 12, "percent_covered": 0.0, "percent_covered_display": "0", "missing_lines": 12, "excluded_lines": 0, "percent_statements_covered": 0.0, "percent_statements_covered_display": "0"}, "missing_lines": [931, 932, 935, 954, 955, 956, 957, 960, 961, 963, 972, 973], "excluded_lines": []}, "": {"executed_lines": [1, 2, 3, 4, 5, 6, 7, 8, 9, 11, 16, 18, 24, 25, 90, 91, 132, 133, 208, 209, 262, 263, 290, 291, 359, 360, 519, 520, 680, 681, 754, 755, 798, 799, 860, 861, 921, 922], "summary": {"covered_lines": 38, "num_statements": 38, "percent_covered": 100.0, "percent_covered_display": "100", "missing_lines": 0, "excluded_lines": 0, "percent_statements_covered": 100.0, "percent_statements_covered_display": "100"}, "missing_lines": [], "excluded_lines": []}}, "classes": {"": {"executed_lines": [1, 2, 3, 4, 5, 6, 7, 8, 9, 11, 16, 18, 20, 22, 24, 25, 27, 30, 31, 34, 35, 37, 45, 52, 60, 63, 68, 72, 80, 82, 90, 91, 97, 99, 100, 101, 104, 105, 108, 118, 125, 126, 128, 132, 133, 141, 142, 143, 145, 147, 159, 189, 208, 209, 214, 217, 220, 221, 224, 225, 229, 236, 237, 239, 241, 243, 244, 252, 254, 262, 263, 290, 291, 295, 316, 318, 324, 330, 337, 346, 347, 356, 359, 360, 519, 520, 524, 528, 533, 550, 589, 593, 608, 614, 638, 673, 680, 681, 754, 755, 798, 799, 860, 861, 921, 922], "summary": {"covered_lines": 106, "num_statements": 240, "percent_covered": 44.166666666666664, "percent_covered_display": "44", "missing_lines": 134, "excluded_lines": 0, "percent_statements_covered": 44.166666666666664, "percent_statements_covered_display": "44"}, "missing_lines": [21, 32, 83, 84, 119, 120, 121, 122, 204, 205, 215, 222, 245, 255, 256, 267, 268, 269, 271, 281, 282, 284, 348, 380, 383, 384, 387, 415, 417, 423, 429, 439, 452, 467, 469, 471, 474, 476, 477, 479, 480, 482, 483, 485, 486, 488, 490, 492, 493, 494, 496, 497, 498, 499, 501, 516, 551, 553, 554, 555, 556, 557, 559, 569, 571, 572, 573, 574, 575, 577, 595, 639, 641, 652, 653, 655, 656, 657, 658, 659, 661, 691, 692, 695, 718, 735, 743, 744, 745, 751, 764, 765, 768, 784, 785, 786, 795, 808, 809, 812, 835, 836, 837, 838, 841, 844, 845, 856, 857, 870, 871, 874, 890, 891, 898, 899, 900, 901, 908, 911, 912, 914, 931, 932, 935, 954, 955, 956, 957, 960, 961, 963, 972, 973], "excluded_lines": []}}}, "backend/app/api/v1/endpoints/recipients.py": {"executed_lines": [1, 2, 3, 4, 5, 7, 12, 15, 16, 21, 25, 26, 31, 32, 33, 34, 36, 39, 40, 42, 43, 46, 47, 49, 53, 54, 59, 60, 62], "summary": {"covered_lines": 29, "num_statements": 29, "percent_covered": 100.0, "percent_covered_display": "100", "missing_lines": 0, "excluded_lines": 0, "percent_statements_covered": 100.0, "percent_statements_covered_display": "100"}, "missing_lines": [], "excluded_lines": [], "functions": {"create_recipient": {"executed_lines": [21, 25, 26, 31, 32, 33, 34, 36], "summary": {"covered_lines": 8, "num_statements": 8, "percent_covered": 100.0, "percent_covered_display": "100", "missing_lines": 0, "excluded_lines": 0, "percent_statements_covered": 100.0, "percent_statements_covered_display": "100"}, "missing_lines": [], "excluded_lines": []}, "get_all_recipients": {"executed_lines": [42, 43], "summary": {"covered_lines": 2, "num_statements": 2, "percent_covered": 100.0, "percent_covered_display": "100", "missing_lines": 0, "excluded_lines": 0, "percent_statements_covered": 100.0, "percent_statements_covered_display": "100"}, "missing_lines": [], "excluded_lines": []}, "delete_recipient": {"executed_lines": [49, 53, 54, 59, 60, 62], "summary": {"covered_lines": 6, "num_statements": 6, "percent_covered": 100.0, "percent_covered_display": "100", "missing_lines": 0, "excluded_lines": 0, "percent_statements_covered": 100.0, "percent_statements_covered_display": "100"}, "missing_lines": [], "excluded_lines": []}, "": {"executed_lines": [1, 2, 3, 4, 5, 7, 12, 15, 16, 39, 40, 46, 47], "summary": {"covered_lines": 13, "num_statements": 13, "percent_covered": 100.0, "percent_covered_display": "100", "missing_lines": 0, "excluded_lines": 0, "percent_statements_covered": 100.0, "percent_statements_covered_display": "100"}, "missing_lines": [], "excluded_lines": []}}, "classes": {"": {"executed_lines": [1, 2, 3, 4, 5, 7, 12, 15, 16, 21, 25, 26, 31, 32, 33, 34, 36, 39, 40, 42, 43, 46, 47, 49, 53, 54, 59, 60, 62], "summary": {"covered_lines": 29, "num_statements": 29, "percent_covered": 100.0, "percent_covered_display": "100", "missing_lines": 0, "excluded_lines": 0, "percent_statements_covered": 100.0, "percent_statements_covered_display": "100"}, "missing_lines": [], "excluded_lines": []}}}, "backend/app/api/v1/endpoints/settings.py": {"executed_lines": [1, 2, 3, 4, 5, 7, 12, 15, 16, 51, 52], "summary": {"covered_lines": 11, "num_statements": 34, "percent_covered": 32.35294117647059, "percent_covered_display": "32", "missing_lines": 23, "excluded_lines": 0, "percent_statements_covered": 32.35294117647059, "percent_statements_covered_display": "32"}, "missing_lines": [21, 23, 25, 26, 39, 40, 41, 44, 45, 46, 48, 59, 61, 62, 68, 69, 70, 72, 73, 76, 77, 78, 80], "excluded_lines": [], "functions": {"get_application_settings": {"executed_lines": [], "summary": {"covered_lines": 0, "num_statements": 11, "percent_covered": 0.0, "percent_covered_display": "0", "missing_lines": 11, "excluded_lines": 0, "percent_statements_covered": 0.0, "percent_statements_covered_display": "0"}, "missing_lines": [21, 23, 25, 26, 39, 40, 41, 44, 45, 46, 48], "excluded_lines": []}, "update_application_settings": {"executed_lines": [], "summary": {"covered_lines": 0, "num_statements": 12, "percent_covered": 0.0, "percent_covered_display": "0", "missing_lines": 12, "excluded_lines": 0, "percent_statements_covered": 0.0, "percent_statements_covered_display": "0"}, "missing_lines": [59, 61, 62, 68, 69, 70, 72, 73, 76, 77, 78, 80], "excluded_lines": []}, "": {"executed_lines": [1, 2, 3, 4, 5, 7, 12, 15, 16, 51, 52], "summary": {"covered_lines": 11, "num_statements": 11, "percent_covered": 100.0, "percent_covered_display": "100", "missing_lines": 0, "excluded_lines": 0, "percent_statements_covered": 100.0, "percent_statements_covered_display": "100"}, "missing_lines": [], "excluded_lines": []}}, "classes": {"": {"executed_lines": [1, 2, 3, 4, 5, 7, 12, 15, 16, 51, 52], "summary": {"covered_lines": 11, "num_statements": 34, "percent_covered": 32.35294117647059, "percent_covered_display": "32", "missing_lines": 23, "excluded_lines": 0, "percent_statements_covered": 32.35294117647059, "percent_statements_covered_display": "32"}, "missing_lines": [21, 23, 25, 26, 39, 40, 41, 44, 45, 46, 48, 59, 61, 62, 68, 69, 70, 72, 73, 76, 77, 78, 80], "excluded_lines": []}}}, "backend/app/config/logging.py": {"executed_lines": [1, 2, 3, 4, 6, 10, 15, 20, 21, 24, 27, 28, 29, 32, 37, 40], "summary": {"covered_lines": 16, "num_statements": 21, "percent_covered": 76.19047619047619, "percent_covered_display": "76", "missing_lines": 5, "excluded_lines": 0, "percent_statements_covered": 76.19047619047619, "percent_statements_covered_display": "76"}, "missing_lines": [11, 12, 33, 34, 35], "excluded_lines": [], "functions": {"setup_logging": {"executed_lines": [10, 15, 20, 21, 24, 27, 28, 29, 32, 37], "summary": {"covered_lines": 10, "num_statements": 15, "percent_covered": 66.66666666666667, "percent_covered_display": "67", "missing_lines": 5, "excluded_lines": 0, "percent_statements_covered": 66.66666666666667, "percent_statements_covered_display": "67"}, "missing_lines": [11, 12, 33, 34, 35], "excluded_lines": []}, "": {"executed_lines": [1, 2, 3, 4, 6, 40], "summary": {"covered_lines": 6, "num_statements": 6, "percent_covered": 100.0, "percent_covered_display": "100", "missing_lines": 0, "excluded_lines": 0, "percent_statements_covered": 100.0, "percent_statements_covered_display": "100"}, "missing_lines": [], "excluded_lines": []}}, "classes": {"": {"executed_lines": [1, 2, 3, 4, 6, 10, 15, 20, 21, 24, 27, 28, 29, 32, 37, 40], "summary": {"covered_lines": 16, "num_statements": 21, "percent_covered": 76.19047619047619, "percent_covered_display": "76", "missing_lines": 5, "excluded_lines": 0, "percent_statements_covered": 76.19047619047619, "percent_statements_covered_display": "76"}, "missing_lines": [11, 12, 33, 34, 35], "excluded_lines": []}}}, "backend/app/config/settings.py": {"executed_lines": [1, 2, 3, 5, 7, 12, 18, 26, 33, 39, 45, 53, 58, 64, 65, 66, 67, 70, 75, 80, 88, 95, 102, 107, 113, 119, 126, 131, 138, 139, 140, 141, 143, 145, 146, 147, 148, 150, 153, 161, 164, 169, 178, 181, 196, 197, 198, 199, 215], "summary": {"covered_lines": 49, "num_statements": 65, "percent_covered": 75.38461538461539, "percent_covered_display": "75", "missing_lines": 16, "excluded_lines": 0, "percent_statements_covered": 75.38461538461539, "percent_statements_covered_display": "75"}, "missing_lines": [142, 149, 166, 200, 201, 202, 203, 204, 205, 206, 207, 208, 209, 210, 211, 213], "excluded_lines": [], "functions": {"Settings.validate_log_level": {"executed_lines": [140, 141, 143], "summary": {"covered_lines": 3, "num_statements": 4, "percent_covered": 75.0, "percent_covered_display": "75", "missing_lines": 1, "excluded_lines": 0, "percent_statements_covered": 75.0, "percent_statements_covered_display": "75"}, "missing_lines": [142], "excluded_lines": []}, "Settings.validate_environment": {"executed_lines": [147, 148, 150], "summary": {"covered_lines": 3, "num_statements": 4, "percent_covered": 75.0, "percent_covered_display": "75", "missing_lines": 1, "excluded_lines": 0, "percent_statements_covered": 75.0, "percent_statements_covered_display": "75"}, "missing_lines": [149], "excluded_lines": []}, "get_settings": {"executed_lines": [], "summary": {"covered_lines": 0, "num_statements": 1, "percent_covered": 0.0, "percent_covered_display": "0", "missing_lines": 1, "excluded_lines": 0, "percent_statements_covered": 0.0, "percent_statements_covered_display": "0"}, "missing_lines": [166], "excluded_lines": []}, "get_runtime_settings": {"executed_lines": [178, 181, 196, 197, 198, 199, 215], "summary": {"covered_lines": 7, "num_statements": 20, "percent_covered": 35.0, "percent_covered_display": "35", "missing_lines": 13, "excluded_lines": 0, "percent_statements_covered": 35.0, "percent_statements_covered_display": "35"}, "missing_lines": [200, 201, 202, 203, 204, 205, 206, 207, 208, 209, 210, 211, 213], "excluded_lines": []}, "": {"executed_lines": [1, 2, 3, 5, 7, 12, 18, 26, 33, 39, 45, 53, 58, 64, 65, 66, 67, 70, 75, 80, 88, 95, 102, 107, 113, 119, 126, 131, 138, 139, 145, 146, 153, 161, 164, 169], "summary": {"covered_lines": 36, "num_statements": 36, "percent_covered": 100.0, "percent_covered_display": "100", "missing_lines": 0, "excluded_lines": 0, "percent_statements_covered": 100.0, "percent_statements_covered_display": "100"}, "missing_lines": [], "excluded_lines": []}}, "classes": {"Settings": {"executed_lines": [140, 141, 143, 147, 148, 150], "summary": {"covered_lines": 6, "num_statements": 8, "percent_covered": 75.0, "percent_covered_display": "75", "missing_lines": 2, "excluded_lines": 0, "percent_statements_covered": 75.0, "percent_statements_covered_display": "75"}, "missing_lines": [142, 149], "excluded_lines": []}, "": {"executed_lines": [1, 2, 3, 5, 7, 12, 18, 26, 33, 39, 45, 53, 58, 64, 65, 66, 67, 70, 75, 80, 88, 95, 102, 107, 113, 119, 126, 131, 138, 139, 145, 146, 153, 161, 164, 169, 178, 181, 196, 197, 198, 199, 215], "summary": {"covered_lines": 43, "num_statements": 57, "percent_covered": 75.43859649122807, "percent_covered_display": "75", "missing_lines": 14, "excluded_lines": 0, "percent_statements_covered": 75.43859649122807, "percent_statements_covered_display": "75"}, "missing_lines": [166, 200, 201, 202, 203, 204, 205, 206, 207, 208, 209, 210, 211, 213], "excluded_lines": []}}}, "backend/app/core/cache.py": {"executed_lines": [1, 2, 3, 4, 5, 6, 9, 10, 12, 22, 23, 24, 27, 28, 29, 30, 31, 33, 34, 43, 44, 45, 46, 47, 48, 49, 51, 61, 62, 64, 65, 66, 67, 68, 69, 70, 71, 73, 82, 83, 85, 86, 87, 88, 92, 99, 100, 102, 103, 104, 108, 115, 118, 119, 120, 121, 122, 123, 127, 129, 132, 133, 134, 140, 143, 156, 157, 158, 160, 163, 164, 165, 166, 169, 170, 173, 175, 176, 177], "summary": {"covered_lines": 78, "num_statements": 88, "percent_covered": 88.63636363636364, "percent_covered_display": "89", "missing_lines": 10, "excluded_lines": 0, "percent_statements_covered": 88.63636363636364, "percent_statements_covered_display": "89"}, "missing_lines": [89, 90, 105, 106, 116, 124, 125, 130, 135, 136], "excluded_lines": [], "functions": {"CacheService.__init__": {"executed_lines": [22, 23, 24, 27, 28, 29, 30, 31, 33, 34, 43, 44, 45, 46, 47, 48, 49], "summary": {"covered_lines": 17, "num_statements": 17, "percent_covered": 100.0, "percent_covered_display": "100", "missing_lines": 0, "excluded_lines": 0, "percent_statements_covered": 100.0, "percent_statements_covered_display": "100"}, "missing_lines": [], "excluded_lines": []}, "CacheService.get": {"executed_lines": [61, 62, 64, 65, 66, 67, 68, 69, 70, 71], "summary": {"covered_lines": 10, "num_statements": 10, "percent_covered": 100.0, "percent_covered_display": "100", "missing_lines": 0, "excluded_lines": 0, "percent_statements_covered": 100.0, "percent_statements_covered_display": "100"}, "missing_lines": [], "excluded_lines": []}, "CacheService.set": {"executed_lines": [82, 83, 85, 86, 87, 88], "summary": {"covered_lines": 6, "num_statements": 8, "percent_covered": 75.0, "percent_covered_display": "75", "missing_lines": 2, "excluded_lines": 0, "percent_statements_covered": 75.0, "percent_statements_covered_display": "75"}, "missing_lines": [89, 90], "excluded_lines": []}, "CacheService.delete": {"executed_lines": [99, 100, 102, 103, 104], "summary": {"covered_lines": 5, "num_statements": 7, "percent_covered": 71.42857142857143, "percent_covered_display": "71", "missing_lines": 2, "excluded_lines": 0, "percent_statements_covered": 71.42857142857143, "percent_statements_covered_display": "71"}, "missing_lines": [105, 106], "excluded_lines": []}, "CacheService.delete_pattern": {"executed_lines": [115, 118, 119, 120, 121, 122, 123], "summary": {"covered_lines": 7, "num_statements": 10, "percent_covered": 70.0, "percent_covered_display": "70", "missing_lines": 3, "excluded_lines": 0, "percent_statements_covered": 70.0, "percent_statements_covered_display": "70"}, "missing_lines": [116, 124, 125], "excluded_lines": []}, "CacheService.clear_all": {"executed_lines": [129, 132, 133, 134], "summary": {"covered_lines": 4, "num_statements": 7, "percent_covered": 57.142857142857146, "percent_covered_display": "57", "missing_lines": 3, "excluded_lines": 0, "percent_statements_covered": 57.142857142857146, "percent_statements_covered_display": "57"}, "missing_lines": [130, 135, 136], "excluded_lines": []}, "cached": {"executed_lines": [156, 157, 177], "summary": {"covered_lines": 3, "num_statements": 3, "percent_covered": 100.0, "percent_covered_display": "100", "missing_lines": 0, "excluded_lines": 0, "percent_statements_covered": 100.0, "percent_statements_covered_display": "100"}, "missing_lines": [], "excluded_lines": []}, "cached.decorator": {"executed_lines": [158, 176], "summary": {"covered_lines": 2, "num_statements": 2, "percent_covered": 100.0, "percent_covered_display": "100", "missing_lines": 0, "excluded_lines": 0, "percent_statements_covered": 100.0, "percent_statements_covered_display": "100"}, "missing_lines": [], "excluded_lines": []}, "cached.decorator.wrapper": {"executed_lines": [160, 163, 164, 165, 166, 169, 170, 173, 175], "summary": {"covered_lines": 9, "num_statements": 9, "percent_covered": 100.0, "percent_covered_display": "100", "missing_lines": 0, "excluded_lines": 0, "percent_statements_covered": 100.0, "percent_statements_covered_display": "100"}, "missing_lines": [], "excluded_lines": []}, "": {"executed_lines": [1, 2, 3, 4, 5, 6, 9, 10, 12, 51, 73, 92, 108, 127, 140, 143], "summary": {"covered_lines": 15, "num_statements": 15, "percent_covered": 100.0, "percent_covered_display": "100", "missing_lines": 0, "excluded_lines": 0, "percent_statements_covered": 100.0, "percent_statements_covered_display": "100"}, "missing_lines": [], "excluded_lines": []}}, "classes": {"CacheService": {"executed_lines": [22, 23, 24, 27, 28, 29, 30, 31, 33, 34, 43, 44, 45, 46, 47, 48, 49, 61, 62, 64, 65, 66, 67, 68, 69, 70, 71, 82, 83, 85, 86, 87, 88, 99, 100, 102, 103, 104, 115, 118, 119, 120, 121, 122, 123, 129, 132, 133, 134], "summary": {"covered_lines": 49, "num_statements": 59, "percent_covered": 83.05084745762711, "percent_covered_display": "83", "missing_lines": 10, "excluded_lines": 0, "percent_statements_covered": 83.05084745762711, "percent_statements_covered_display": "83"}, "missing_lines": [89, 90, 105, 106, 116, 124, 125, 130, 135, 136], "excluded_lines": []}, "": {"executed_lines": [1, 2, 3, 4, 5, 6, 9, 10, 12, 51, 73, 92, 108, 127, 140, 143, 156, 157, 158, 160, 163, 164, 165, 166, 169, 170, 173, 175, 176, 177], "summary": {"covered_lines": 29, "num_statements": 29, "percent_covered": 100.0, "percent_covered_display": "100", "missing_lines": 0, "excluded_lines": 0, "percent_statements_covered": 100.0, "percent_statements_covered_display": "100"}, "missing_lines": [], "excluded_lines": []}}}, "backend/app/core/database.py": {"executed_lines": [1, 2, 3, 4, 5, 6, 8, 9, 12, 24, 25, 34, 35, 36, 37, 38, 39, 40, 41, 42, 45, 47, 50, 62], "summary": {"covered_lines": 24, "num_statements": 38, "percent_covered": 63.1578947368421, "percent_covered_display": "63", "missing_lines": 14, "excluded_lines": 0, "percent_statements_covered": 63.1578947368421, "percent_statements_covered_display": "63"}, "missing_lines": [55, 56, 57, 59, 81, 82, 83, 84, 85, 86, 87, 88, 90, 91], "excluded_lines": [], "functions": {"set_sqlite_pragma": {"executed_lines": [34, 35, 36, 37, 38, 39, 40, 41, 42], "summary": {"covered_lines": 9, "num_statements": 9, "percent_covered": 100.0, "percent_covered_display": "100", "missing_lines": 0, "excluded_lines": 0, "percent_statements_covered": 100.0, "percent_statements_covered_display": "100"}, "missing_lines": [], "excluded_lines": []}, "get_db": {"executed_lines": [], "summary": {"covered_lines": 0, "num_statements": 4, "percent_covered": 0.0, "percent_covered_display": "0", "missing_lines": 4, "excluded_lines": 0, "percent_statements_covered": 0.0, "percent_statements_covered_display": "0"}, "missing_lines": [55, 56, 57, 59], "excluded_lines": []}, "retry_on_lock": {"executed_lines": [], "summary": {"covered_lines": 0, "num_statements": 10, "percent_covered": 0.0, "percent_covered_display": "0", "missing_lines": 10, "excluded_lines": 0, "percent_statements_covered": 0.0, "percent_statements_covered_display": "0"}, "missing_lines": [81, 82, 83, 84, 85, 86, 87, 88, 90, 91], "excluded_lines": []}, "": {"executed_lines": [1, 2, 3, 4, 5, 6, 8, 9, 12, 24, 25, 45, 47, 50, 62], "summary": {"covered_lines": 15, "num_statements": 15, "percent_covered": 100.0, "percent_covered_display": "100", "missing_lines": 0, "excluded_lines": 0, "percent_statements_covered": 100.0, "percent_statements_covered_display": "100"}, "missing_lines": [], "excluded_lines": []}}, "classes": {"": {"executed_lines": [1, 2, 3, 4, 5, 6, 8, 9, 12, 24, 25, 34, 35, 36, 37, 38, 39, 40, 41, 42, 45, 47, 50, 62], "summary": {"covered_lines": 24, "num_statements": 38, "percent_covered": 63.1578947368421, "percent_covered_display": "63", "missing_lines": 14, "excluded_lines": 0, "percent_statements_covered": 63.1578947368421, "percent_statements_covered_display": "63"}, "missing_lines": [55, 56, 57, 59, 81, 82, 83, 84, 85, 86, 87, 88, 90, 91], "excluded_lines": []}}}, "backend/app/core/exceptions.py": {"executed_lines": [1, 2, 5, 6, 7, 14, 15, 16, 17, 27, 28, 29, 30, 37, 38, 39, 47, 48, 49, 58, 59, 60, 69, 70, 71, 79, 80, 81, 89, 90, 91], "summary": {"covered_lines": 23, "num_statements": 29, "percent_covered": 79.3103448275862, "percent_covered_display": "79", "missing_lines": 6, "excluded_lines": 0, "percent_statements_covered": 79.3103448275862, "percent_statements_covered_display": "79"}, "missing_lines": [40, 50, 61, 72, 82, 92], "excluded_lines": [], "functions": {"APIError.__init__": {"executed_lines": [14, 15, 16, 17], "summary": {"covered_lines": 4, "num_statements": 4, "percent_covered": 100.0, "percent_covered_display": "100", "missing_lines": 0, "excluded_lines": 0, "percent_statements_covered": 100.0, "percent_statements_covered_display": "100"}, "missing_lines": [], "excluded_lines": []}, "DeviceNotFoundError.__init__": {"executed_lines": [30], "summary": {"covered_lines": 1, "num_statements": 1, "percent_covered": 100.0, "percent_covered_display": "100", "missing_lines": 0, "excluded_lines": 0, "percent_statements_covered": 100.0, "percent_statements_covered_display": "100"}, "missing_lines": [], "excluded_lines": []}, "InterfaceNotFoundError.__init__": {"executed_lines": [], "summary": {"covered_lines": 0, "num_statements": 1, "percent_covered": 0.0, "percent_covered_display": "0", "missing_lines": 1, "excluded_lines": 0, "percent_statements_covered": 0.0, "percent_statements_covered_display": "0"}, "missing_lines": [40], "excluded_lines": []}, "ValidationError.__init__": {"executed_lines": [], "summary": {"covered_lines": 0, "num_statements": 1, "percent_covered": 0.0, "percent_covered_display": "0", "missing_lines": 1, "excluded_lines": 0, "percent_statements_covered": 0.0, "percent_statements_covered_display": "0"}, "missing_lines": [50], "excluded_lines": []}, "SNMPConnectionError.__init__": {"executed_lines": [], "summary": {"covered_lines": 0, "num_statements": 1, "percent_covered": 0.0, "percent_covered_display": "0", "missing_lines": 1, "excluded_lines": 0, "percent_statements_covered": 0.0, "percent_statements_covered_display": "0"}, "missing_lines": [61], "excluded_lines": []}, "DatabaseError.__init__": {"executed_lines": [], "summary": {"covered_lines": 0, "num_statements": 1, "percent_covered": 0.0, "percent_covered_display": "0", "missing_lines": 1, "excluded_lines": 0, "percent_statements_covered": 0.0, "percent_statements_covered_display": "0"}, "missing_lines": [72], "excluded_lines": []}, "AlertNotFoundError.__init__": {"executed_lines": [], "summary": {"covered_lines": 0, "num_statements": 1, "percent_covered": 0.0, "percent_covered_display": "0", "missing_lines": 1, "excluded_lines": 0, "percent_statements_covered": 0.0, "percent_statements_covered_display": "0"}, "missing_lines": [82], "excluded_lines": []}, "DiscoveryError.__init__": {"executed_lines": [], "summary": {"covered_lines": 0, "num_statements": 1, "percent_covered": 0.0, "percent_covered_display": "0", "missing_lines": 1, "excluded_lines": 0, "percent_statements_covered": 0.0, "percent_statements_covered_display": "0"}, "missing_lines": [92], "excluded_lines": []}, "": {"executed_lines": [1, 2, 5, 6, 7, 27, 28, 29, 37, 38, 39, 47, 48, 49, 58, 59, 60, 69, 70, 71, 79, 80, 81, 89, 90, 91], "summary": {"covered_lines": 18, "num_statements": 18, "percent_covered": 100.0, "percent_covered_display": "100", "missing_lines": 0, "excluded_lines": 0, "percent_statements_covered": 100.0, "percent_statements_covered_display": "100"}, "missing_lines": [], "excluded_lines": []}}, "classes": {"APIError": {"executed_lines": [14, 15, 16, 17], "summary": {"covered_lines": 4, "num_statements": 4, "percent_covered": 100.0, "percent_covered_display": "100", "missing_lines": 0, "excluded_lines": 0, "percent_statements_covered": 100.0, "percent_statements_covered_display": "100"}, "missing_lines": [], "excluded_lines": []}, "DeviceNotFoundError": {"executed_lines": [30], "summary": {"covered_lines": 1, "num_statements": 1, "percent_covered": 100.0, "percent_covered_display": "100", "missing_lines": 0, "excluded_lines": 0, "percent_statements_covered": 100.0, "percent_statements_covered_display": "100"}, "missing_lines": [], "excluded_lines": []}, "InterfaceNotFoundError": {"executed_lines": [], "summary": {"covered_lines": 0, "num_statements": 1, "percent_covered": 0.0, "percent_covered_display": "0", "missing_lines": 1, "excluded_lines": 0, "percent_statements_covered": 0.0, "percent_statements_covered_display": "0"}, "missing_lines": [40], "excluded_lines": []}, "ValidationError": {"executed_lines": [], "summary": {"covered_lines": 0, "num_statements": 1, "percent_covered": 0.0, "percent_covered_display": "0", "missing_lines": 1, "excluded_lines": 0, "percent_statements_covered": 0.0, "percent_statements_covered_display": "0"}, "missing_lines": [50], "excluded_lines": []}, "SNMPConnectionError": {"executed_lines": [], "summary": {"covered_lines": 0, "num_statements": 1, "percent_covered": 0.0, "percent_covered_display": "0", "missing_lines": 1, "excluded_lines": 0, "percent_statements_covered": 0.0, "percent_statements_covered_display": "0"}, "missing_lines": [61], "excluded_lines": []}, "DatabaseError": {"executed_lines": [], "summary": {"covered_lines": 0, "num_statements": 1, "percent_covered": 0.0, "percent_covered_display": "0", "missing_lines": 1, "excluded_lines": 0, "percent_statements_covered": 0.0, "percent_statements_covered_display": "0"}, "missing_lines": [72], "excluded_lines": []}, "AlertNotFoundError": {"executed_lines": [], "summary": {"covered_lines": 0, "num_statements": 1, "percent_covered": 0.0, "percent_covered_display": "0", "missing_lines": 1, "excluded_lines": 0, "percent_statements_covered": 0.0, "percent_statements_covered_display": "0"}, "missing_lines": [82], "excluded_lines": []}, "DiscoveryError": {"executed_lines": [], "summary": {"covered_lines": 0, "num_statements": 1, "percent_covered": 0.0, "percent_covered_display": "0", "missing_lines": 1, "excluded_lines": 0, "percent_statements_covered": 0.0, "percent_statements_covered_display": "0"}, "missing_lines": [92], "excluded_lines": []}, "": {"executed_lines": [1, 2, 5, 6, 7, 27, 28, 29, 37, 38, 39, 47, 48, 49, 58, 59, 60, 69, 70, 71, 79, 80, 81, 89, 90, 91], "summary": {"covered_lines": 18, "num_statements": 18, "percent_covered": 100.0, "percent_covered_display": "100", "missing_lines": 0, "excluded_lines": 0, "percent_statements_covered": 100.0, "percent_statements_covered_display": "100"}, "missing_lines": [], "excluded_lines": []}}}, "backend/app/core/models.py": {"executed_lines": [1, 5, 6, 7, 8, 9, 12, 13, 14, 16, 18, 19, 20, 21, 22, 25, 26, 27, 30, 31, 33, 34, 36, 37, 40, 41, 42, 45, 46, 47, 50, 51, 52, 53, 55, 58, 63, 64, 65, 67, 69, 71, 72, 73, 75, 77, 80, 81, 82, 84, 85, 87, 88, 91, 92, 93, 95, 98, 99, 101, 102, 105, 106, 108, 110, 115, 116, 117, 119, 120, 121, 124, 125, 128, 129, 130, 131, 132, 133, 135, 138, 139, 140, 142, 143, 146, 147, 148, 150, 153, 154, 155, 158, 159, 160, 163, 164, 165, 166, 169, 172, 179, 180, 181, 183, 184, 185, 186, 187, 188, 189], "summary": {"covered_lines": 103, "num_statements": 103, "percent_covered": 100.0, "percent_covered_display": "100", "missing_lines": 0, "excluded_lines": 0, "percent_statements_covered": 100.0, "percent_statements_covered_display": "100"}, "missing_lines": [], "excluded_lines": [], "functions": {"": {"executed_lines": [1, 5, 6, 7, 8, 9, 12, 13, 14, 16, 18, 19, 20, 21, 22, 25, 26, 27, 30, 31, 33, 34, 36, 37, 40, 41, 42, 45, 46, 47, 50, 51, 52, 53, 55, 58, 63, 64, 65, 67, 69, 71, 72, 73, 75, 77, 80, 81, 82, 84, 85, 87, 88, 91, 92, 93, 95, 98, 99, 101, 102, 105, 106, 108, 110, 115, 116, 117, 119, 120, 121, 124, 125, 128, 129, 130, 131, 132, 133, 135, 138, 139, 140, 142, 143, 146, 147, 148, 150, 153, 154, 155, 158, 159, 160, 163, 164, 165, 166, 169, 172, 179, 180, 181, 183, 184, 185, 186, 187, 188, 189], "summary": {"covered_lines": 103, "num_statements": 103, "percent_covered": 100.0, "percent_covered_display": "100", "missing_lines": 0, "excluded_lines": 0, "percent_statements_covered": 100.0, "percent_statements_covered_display": "100"}, "missing_lines": [], "excluded_lines": []}}, "classes": {"Device": {"executed_lines": [], "summary": {"covered_lines": 0, "num_statements": 0, "percent_covered": 100.0, "percent_covered_display": "100", "missing_lines": 0, "excluded_lines": 0, "percent_statements_covered": 100.0, "percent_statements_covered_display": "100"}, "missing_lines": [], "excluded_lines": []}, "DeviceMetric": {"executed_lines": [], "summary": {"covered_lines": 0, "num_statements": 0, "percent_covered": 100.0, "percent_covered_display": "100", "missing_lines": 0, "excluded_lines": 0, "percent_statements_covered": 100.0, "percent_statements_covered_display": "100"}, "missing_lines": [], "excluded_lines": []}, "Interface": {"executed_lines": [], "summary": {"covered_lines": 0, "num_statements": 0, "percent_covered": 100.0, "percent_covered_display": "100", "missing_lines": 0, "excluded_lines": 0, "percent_statements_covered": 100.0, "percent_statements_covered_display": "100"}, "missing_lines": [], "excluded_lines": []}, "InterfaceMetric": {"executed_lines": [], "summary": {"covered_lines": 0, "num_statements": 0, "percent_covered": 100.0, "percent_covered_display": "100", "missing_lines": 0, "excluded_lines": 0, "percent_statements_covered": 100.0, "percent_statements_covered_display": "100"}, "missing_lines": [], "excluded_lines": []}, "AlertRecipient": {"executed_lines": [], "summary": {"covered_lines": 0, "num_statements": 0, "percent_covered": 100.0, "percent_covered_display": "100", "missing_lines": 0, "excluded_lines": 0, "percent_statements_covered": 100.0, "percent_statements_covered_display": "100"}, "missing_lines": [], "excluded_lines": []}, "ApplicationSettings": {"executed_lines": [], "summary": {"covered_lines": 0, "num_statements": 0, "percent_covered": 100.0, "percent_covered_display": "100", "missing_lines": 0, "excluded_lines": 0, "percent_statements_covered": 100.0, "percent_statements_covered_display": "100"}, "missing_lines": [], "excluded_lines": []}, "User": {"executed_lines": [], "summary": {"covered_lines": 0, "num_statements": 0, "percent_covered": 100.0, "percent_covered_display": "100", "missing_lines": 0, "excluded_lines": 0, "percent_statements_covered": 100.0, "percent_statements_covered_display": "100"}, "missing_lines": [], "excluded_lines": []}, "": {"executed_lines": [1, 5, 6, 7, 8, 9, 12, 13, 14, 16, 18, 19, 20, 21, 22, 25, 26, 27, 30, 31, 33, 34, 36, 37, 40, 41, 42, 45, 46, 47, 50, 51, 52, 53, 55, 58, 63, 64, 65, 67, 69, 71, 72, 73, 75, 77, 80, 81, 82, 84, 85, 87, 88, 91, 92, 93, 95, 98, 99, 101, 102, 105, 106, 108, 110, 115, 116, 117, 119, 120, 121, 124, 125, 128, 129, 130, 131, 132, 133, 135, 138, 139, 140, 142, 143, 146, 147, 148, 150, 153, 154, 155, 158, 159, 160, 163, 164, 165, 166, 169, 172, 179, 180, 181, 183, 184, 185, 186, 187, 188, 189], "summary": {"covered_lines": 103, "num_statements": 103, "percent_covered": 100.0, "percent_covered_display": "100", "missing_lines": 0, "excluded_lines": 0, "percent_statements_covered": 100.0, "percent_statements_covered_display": "100"}, "missing_lines": [], "excluded_lines": []}}}, "backend/app/core/schemas.py": {"executed_lines": [1, 2, 3, 6, 7, 8, 9, 10, 11, 14, 15, 16, 17, 20, 21, 22, 25, 26, 27, 28, 29, 30, 33, 36, 37, 38, 40, 42, 45, 46, 47, 48, 49, 50, 51, 52, 53, 54, 55, 56, 57, 58, 59, 61, 64, 66, 67, 68, 69, 70, 71, 74, 75, 76, 77, 79, 80, 81, 82, 83, 84, 85, 86, 87, 88, 89, 91, 92, 93, 94, 95, 96, 99, 105, 116, 122, 136, 149, 150, 153, 154, 157, 158, 159, 160, 163, 164, 167, 168, 171, 172, 173, 176, 177, 178, 179, 180, 183, 184, 185, 186, 187, 188, 191, 192, 195, 196, 197, 198, 199, 203, 204, 207, 208, 211, 212, 213, 214, 215, 218, 219, 220, 221, 224, 225, 226, 227, 230, 231, 234, 235, 236, 237, 239, 240, 243, 244, 245, 246, 248, 250, 251, 254, 255, 256, 257, 258, 259, 260, 261, 262, 263, 266, 267, 268, 270, 273, 274, 275, 276, 277, 278, 279, 280, 281, 282, 283, 284, 285, 286, 288, 290, 291, 292, 293, 294, 295, 296, 297, 298, 299, 301, 302, 305, 306, 307, 309, 310, 311, 312, 314, 315, 316, 317, 319, 320, 321, 322, 323, 324, 327, 328, 331, 332, 333, 334, 336, 337, 338, 339, 340, 341, 342, 345, 346, 347, 349, 350, 351, 353, 354, 355, 357, 358, 359, 360, 362, 364, 366, 369, 370, 372, 373, 374, 376, 377, 378, 380, 381, 382, 383, 385, 392, 393, 394, 395, 396, 399, 400, 401, 402, 403, 404, 405, 406, 409, 410, 411, 412, 413, 414, 415, 416, 417, 420, 421, 422, 423, 424, 427, 428, 429, 430, 431, 432, 433], "summary": {"covered_lines": 259, "num_statements": 259, "percent_covered": 100.0, "percent_covered_display": "100", "missing_lines": 0, "excluded_lines": 0, "percent_statements_covered": 100.0, "percent_statements_covered_display": "100"}, "missing_lines": [], "excluded_lines": [], "functions": {"": {"executed_lines": [1, 2, 3, 6, 7, 8, 9, 10, 11, 14, 15, 16, 17, 20, 21, 22, 25, 26, 27, 28, 29, 30, 33, 36, 37, 38, 40, 42, 45, 46, 47, 48, 49, 50, 51, 52, 53, 54, 55, 56, 57, 58, 59, 61, 64, 66, 67, 68, 69, 70, 71, 74, 75, 76, 77, 79, 80, 81, 82, 83, 84, 85, 86, 87, 88, 89, 91, 92, 93, 94, 95, 96, 99, 105, 116, 122, 136, 149, 150, 153, 154, 157, 158, 159, 160, 163, 164, 167, 168, 171, 172, 173, 176, 177, 178, 179, 180, 183, 184, 185, 186, 187, 188, 191, 192, 195, 196, 197, 198, 199, 203, 204, 207, 208, 211, 212, 213, 214, 215, 218, 219, 220, 221, 224, 225, 226, 227, 230, 231, 234, 235, 236, 237, 239, 240, 243, 244, 245, 246, 248, 250, 251, 254, 255, 256, 257, 258, 259, 260, 261, 262, 263, 266, 267, 268, 270, 273, 274, 275, 276, 277, 278, 279, 280, 281, 282, 283, 284, 285, 286, 288, 290, 291, 292, 293, 294, 295, 296, 297, 298, 299, 301, 302, 305, 306, 307, 309, 310, 311, 312, 314, 315, 316, 317, 319, 320, 321, 322, 323, 324, 327, 328, 331, 332, 333, 334, 336, 337, 338, 339, 340, 341, 342, 345, 346, 347, 349, 350, 351, 353, 354, 355, 357, 358, 359, 360, 362, 364, 366, 369, 370, 372, 373, 374, 376, 377, 378, 380, 381, 382, 383, 385, 392, 393, 394, 395, 396, 399, 400, 401, 402, 403, 404, 405, 406, 409, 410, 411, 412, 413, 414, 415, 416, 417, 420, 421, 422, 423, 424, 427, 428, 429, 430, 431, 432, 433], "summary": {"covered_lines": 259, "num_statements": 259, "percent_covered": 100.0, "percent_covered_display": "100", "missing_lines": 0, "excluded_lines": 0, "percent_statements_covered": 100.0, "percent_statements_covered_display": "100"}, "missing_lines": [], "excluded_lines": []}}, "classes": {"DeviceInfo": {"executed_lines": [], "summary": {"covered_lines": 0, "num_statements": 0, "percent_covered": 100.0, "percent_covered_display": "100", "missing_lines": 0, "excluded_lines": 0, "percent_statements_covered": 100.0, "percent_statements_covered_display": "100"}, "missing_lines": [], "excluded_lines": []}, "DeviceResponse": {"executed_lines": [], "summary": {"covered_lines": 0, "num_statements": 0, "percent_covered": 100.0, "percent_covered_display": "100", "missing_lines": 0, "excluded_lines": 0, "percent_statements_covered": 100.0, "percent_statements_covered_display": "100"}, "missing_lines": [], "excluded_lines": []}, "DeviceMetrics": {"executed_lines": [], "summary": {"covered_lines": 0, "num_statements": 0, "percent_covered": 100.0, "percent_covered_display": "100", "missing_lines": 0, "excluded_lines": 0, "percent_statements_covered": 100.0, "percent_statements_covered_display": "100"}, "missing_lines": [], "excluded_lines": []}, "DiscoveryResponse": {"executed_lines": [], "summary": {"covered_lines": 0, "num_statements": 0, "percent_covered": 100.0, "percent_covered_display": "100", "missing_lines": 0, "excluded_lines": 0, "percent_statements_covered": 100.0, "percent_statements_covered_display": "100"}, "missing_lines": [], "excluded_lines": []}, "InterfaceMetric": {"executed_lines": [], "summary": {"covered_lines": 0, "num_statements": 0, "percent_covered": 100.0, "percent_covered_display": "100", "missing_lines": 0, "excluded_lines": 0, "percent_statements_covered": 100.0, "percent_statements_covered_display": "100"}, "missing_lines": [], "excluded_lines": []}, "PaginatedInterfaces": {"executed_lines": [], "summary": {"covered_lines": 0, "num_statements": 0, "percent_covered": 100.0, "percent_covered_display": "100", "missing_lines": 0, "excluded_lines": 0, "percent_statements_covered": 100.0, "percent_statements_covered_display": "100"}, "missing_lines": [], "excluded_lines": []}, "RecipientCreate": {"executed_lines": [], "summary": {"covered_lines": 0, "num_statements": 0, "percent_covered": 100.0, "percent_covered_display": "100", "missing_lines": 0, "excluded_lines": 0, "percent_statements_covered": 100.0, "percent_statements_covered_display": "100"}, "missing_lines": [], "excluded_lines": []}, "RecipientUpdate": {"executed_lines": [], "summary": {"covered_lines": 0, "num_statements": 0, "percent_covered": 100.0, "percent_covered_display": "100", "missing_lines": 0, "excluded_lines": 0, "percent_statements_covered": 100.0, "percent_statements_covered_display": "100"}, "missing_lines": [], "excluded_lines": []}, "RecipientResponse": {"executed_lines": [], "summary": {"covered_lines": 0, "num_statements": 0, "percent_covered": 100.0, "percent_covered_display": "100", "missing_lines": 0, "excluded_lines": 0, "percent_statements_covered": 100.0, "percent_statements_covered_display": "100"}, "missing_lines": [], "excluded_lines": []}, "ThresholdUpdate": {"executed_lines": [], "summary": {"covered_lines": 0, "num_statements": 0, "percent_covered": 100.0, "percent_covered_display": "100", "missing_lines": 0, "excluded_lines": 0, "percent_statements_covered": 100.0, "percent_statements_covered_display": "100"}, "missing_lines": [], "excluded_lines": []}, "FailureThresholdUpdate": {"executed_lines": [], "summary": {"covered_lines": 0, "num_statements": 0, "percent_covered": 100.0, "percent_covered_display": "100", "missing_lines": 0, "excluded_lines": 0, "percent_statements_covered": 100.0, "percent_statements_covered_display": "100"}, "missing_lines": [], "excluded_lines": []}, "InterfaceThresholdUpdate": {"executed_lines": [], "summary": {"covered_lines": 0, "num_statements": 0, "percent_covered": 100.0, "percent_covered_display": "100", "missing_lines": 0, "excluded_lines": 0, "percent_statements_covered": 100.0, "percent_statements_covered_display": "100"}, "missing_lines": [], "excluded_lines": []}, "ThresholdBatchUpdate": {"executed_lines": [], "summary": {"covered_lines": 0, "num_statements": 0, "percent_covered": 100.0, "percent_covered_display": "100", "missing_lines": 0, "excluded_lines": 0, "percent_statements_covered": 100.0, "percent_statements_covered_display": "100"}, "missing_lines": [], "excluded_lines": []}, "ThresholdResponse": {"executed_lines": [], "summary": {"covered_lines": 0, "num_statements": 0, "percent_covered": 100.0, "percent_covered_display": "100", "missing_lines": 0, "excluded_lines": 0, "percent_statements_covered": 100.0, "percent_statements_covered_display": "100"}, "missing_lines": [], "excluded_lines": []}, "AlertSentUpdate": {"executed_lines": [], "summary": {"covered_lines": 0, "num_statements": 0, "percent_covered": 100.0, "percent_covered_display": "100", "missing_lines": 0, "excluded_lines": 0, "percent_statements_covered": 100.0, "percent_statements_covered_display": "100"}, "missing_lines": [], "excluded_lines": []}, "AlertSentResponse": {"executed_lines": [], "summary": {"covered_lines": 0, "num_statements": 0, "percent_covered": 100.0, "percent_covered_display": "100", "missing_lines": 0, "excluded_lines": 0, "percent_statements_covered": 100.0, "percent_statements_covered_display": "100"}, "missing_lines": [], "excluded_lines": []}, "AlertAcknowledge": {"executed_lines": [], "summary": {"covered_lines": 0, "num_statements": 0, "percent_covered": 100.0, "percent_covered_display": "100", "missing_lines": 0, "excluded_lines": 0, "percent_statements_covered": 100.0, "percent_statements_covered_display": "100"}, "missing_lines": [], "excluded_lines": []}, "AlertResolve": {"executed_lines": [], "summary": {"covered_lines": 0, "num_statements": 0, "percent_covered": 100.0, "percent_covered_display": "100", "missing_lines": 0, "excluded_lines": 0, "percent_statements_covered": 100.0, "percent_statements_covered_display": "100"}, "missing_lines": [], "excluded_lines": []}, "AlertAction": {"executed_lines": [], "summary": {"covered_lines": 0, "num_statements": 0, "percent_covered": 100.0, "percent_covered_display": "100", "missing_lines": 0, "excluded_lines": 0, "percent_statements_covered": 100.0, "percent_statements_covered_display": "100"}, "missing_lines": [], "excluded_lines": []}, "MaintenanceModeUpdate": {"executed_lines": [], "summary": {"covered_lines": 0, "num_statements": 0, "percent_covered": 100.0, "percent_covered_display": "100", "missing_lines": 0, "excluded_lines": 0, "percent_statements_covered": 100.0, "percent_statements_covered_display": "100"}, "missing_lines": [], "excluded_lines": []}, "AlertStateResponse": {"executed_lines": [], "summary": {"covered_lines": 0, "num_statements": 0, "percent_covered": 100.0, "percent_covered_display": "100", "missing_lines": 0, "excluded_lines": 0, "percent_statements_covered": 100.0, "percent_statements_covered_display": "100"}, "missing_lines": [], "excluded_lines": []}, "NetworkSummaryResponse": {"executed_lines": [], "summary": {"covered_lines": 0, "num_statements": 0, "percent_covered": 100.0, "percent_covered_display": "100", "missing_lines": 0, "excluded_lines": 0, "percent_statements_covered": 100.0, "percent_statements_covered_display": "100"}, "missing_lines": [], "excluded_lines": []}, "DeviceMetricResponse": {"executed_lines": [], "summary": {"covered_lines": 0, "num_statements": 0, "percent_covered": 100.0, "percent_covered_display": "100", "missing_lines": 0, "excluded_lines": 0, "percent_statements_covered": 100.0, "percent_statements_covered_display": "100"}, "missing_lines": [], "excluded_lines": []}, "InterfaceMetricResponse": {"executed_lines": [], "summary": {"covered_lines": 0, "num_statements": 0, "percent_covered": 100.0, "percent_covered_display": "100", "missing_lines": 0, "excluded_lines": 0, "percent_statements_covered": 100.0, "percent_statements_covered_display": "100"}, "missing_lines": [], "excluded_lines": []}, "InterfaceSummaryResponse": {"executed_lines": [], "summary": {"covered_lines": 0, "num_statements": 0, "percent_covered": 100.0, "percent_covered_display": "100", "missing_lines": 0, "excluded_lines": 0, "percent_statements_covered": 100.0, "percent_statements_covered_display": "100"}, "missing_lines": [], "excluded_lines": []}, "ActiveAlertResponse": {"executed_lines": [], "summary": {"covered_lines": 0, "num_statements": 0, "percent_covered": 100.0, "percent_covered_display": "100", "missing_lines": 0, "excluded_lines": 0, "percent_statements_covered": 100.0, "percent_statements_covered_display": "100"}, "missing_lines": [], "excluded_lines": []}, "TopDeviceResponse": {"executed_lines": [], "summary": {"covered_lines": 0, "num_statements": 0, "percent_covered": 100.0, "percent_covered_display": "100", "missing_lines": 0, "excluded_lines": 0, "percent_statements_covered": 100.0, "percent_statements_covered_display": "100"}, "missing_lines": [], "excluded_lines": []}, "HistoryQuery": {"executed_lines": [], "summary": {"covered_lines": 0, "num_statements": 0, "percent_covered": 100.0, "percent_covered_display": "100", "missing_lines": 0, "excluded_lines": 0, "percent_statements_covered": 100.0, "percent_statements_covered_display": "100"}, "missing_lines": [], "excluded_lines": []}, "ThroughputDatapoint": {"executed_lines": [], "summary": {"covered_lines": 0, "num_statements": 0, "percent_covered": 100.0, "percent_covered_display": "100", "missing_lines": 0, "excluded_lines": 0, "percent_statements_covered": 100.0, "percent_statements_covered_display": "100"}, "missing_lines": [], "excluded_lines": []}, "DeviceUtilizationDatapoint": {"executed_lines": [], "summary": {"covered_lines": 0, "num_statements": 0, "percent_covered": 100.0, "percent_covered_display": "100", "missing_lines": 0, "excluded_lines": 0, "percent_statements_covered": 100.0, "percent_statements_covered_display": "100"}, "missing_lines": [], "excluded_lines": []}, "InterfaceThresholdResponse": {"executed_lines": [], "summary": {"covered_lines": 0, "num_statements": 0, "percent_covered": 100.0, "percent_covered_display": "100", "missing_lines": 0, "excluded_lines": 0, "percent_statements_covered": 100.0, "percent_statements_covered_display": "100"}, "missing_lines": [], "excluded_lines": []}, "ApplicationSettingsResponse": {"executed_lines": [], "summary": {"cover
[...]
, 35, 37, 39, 41, 42, 43, 44, 45, 46, 47, 48, 49, 50, 52, 54, 55, 57, 59, 60], "summary": {"covered_lines": 38, "num_statements": 38, "percent_covered": 100.0, "percent_covered_display": "100", "missing_lines": 0, "excluded_lines": 0, "percent_statements_covered": 100.0, "percent_statements_covered_display": "100"}, "missing_lines": [], "excluded_lines": [], "functions": {"get_repository": {"executed_lines": [17], "summary": {"covered_lines": 1, "num_statements": 1, "percent_covered": 100.0, "percent_covered_display": "100", "missing_lines": 0, "excluded_lines": 0, "percent_statements_covered": 100.0, "percent_statements_covered_display": "100"}, "missing_lines": [], "excluded_lines": []}, "perform_full_discovery": {"executed_lines": [25, 27, 28, 30, 31, 32, 33, 34, 35, 37, 39, 54, 55, 57, 59, 60], "summary": {"covered_lines": 16, "num_statements": 16, "percent_covered": 100.0, "percent_covered_display": "100", "missing_lines": 0, "excluded_lines": 0, "percent_statements_covered": 100.0, "percent_statements_covered_display": "100"}, "missing_lines": [], "excluded_lines": []}, "perform_full_discovery.limited_discovery": {"executed_lines": [41, 42, 43, 44, 45, 46, 47, 48, 49, 50, 52], "summary": {"covered_lines": 11, "num_statements": 11, "percent_covered": 100.0, "percent_covered_display": "100", "missing_lines": 0, "excluded_lines": 0, "percent_statements_covered": 100.0, "percent_statements_covered_display": "100"}, "missing_lines": [], "excluded_lines": []}, "": {"executed_lines": [1, 5, 6, 7, 8, 9, 10, 11, 12, 15, 20], "summary": {"covered_lines": 10, "num_statements": 10, "percent_covered": 100.0, "percent_covered_display": "100", "missing_lines": 0, "excluded_lines": 0, "percent_statements_covered": 100.0, "percent_statements_covered_display": "100"}, "missing_lines": [], "excluded_lines": []}}, "classes": {"": {"executed_lines": [1, 5, 6, 7, 8, 9, 10, 11, 12, 15, 17, 20, 25, 27, 28, 30, 31, 32, 33, 34, 35, 37, 39, 41, 42, 43, 44, 45, 46, 47, 48, 49, 50, 52, 54, 55, 57, 59, 60], "summary": {"covered_lines": 38, "num_statements": 38, "percent_covered": 100.0, "percent_covered_display": "100", "missing_lines": 0, "excluded_lines": 0, "percent_statements_covered": 100.0, "percent_statements_covered_display": "100"}, "missing_lines": [], "excluded_lines": []}}}, "backend/services/email_service.py": {"executed_lines": [1, 5, 6, 7, 8, 9, 12, 17, 18, 19, 21, 22, 23, 25, 26, 27, 28, 29, 31, 32, 33, 34, 36, 37, 39, 40, 41, 43, 45, 50], "summary": {"covered_lines": 29, "num_statements": 29, "percent_covered": 100.0, "percent_covered_display": "100", "missing_lines": 0, "excluded_lines": 0, "percent_statements_covered": 100.0, "percent_statements_covered_display": "100"}, "missing_lines": [], "excluded_lines": [], "functions": {"send_email": {"executed_lines": [17, 18, 19, 21, 22, 23, 25, 26, 27, 28, 29, 31, 32, 33, 34, 36, 37, 39, 40, 41], "summary": {"covered_lines": 20, "num_statements": 20, "percent_covered": 100.0, "percent_covered_display": "100", "missing_lines": 0, "excluded_lines": 0, "percent_statements_covered": 100.0, "percent_statements_covered_display": "100"}, "missing_lines": [], "excluded_lines": []}, "send_email_background": {"executed_lines": [45, 50], "summary": {"covered_lines": 2, "num_statements": 2, "percent_covered": 100.0, "percent_covered_display": "100", "missing_lines": 0, "excluded_lines": 0, "percent_statements_covered": 100.0, "percent_statements_covered_display": "100"}, "missing_lines": [], "excluded_lines": []}, "": {"executed_lines": [1, 5, 6, 7, 8, 9, 12, 43], "summary": {"covered_lines": 7, "num_statements": 7, "percent_covered": 100.0, "percent_covered_display": "100", "missing_lines": 0, "excluded_lines": 0, "percent_statements_covered": 100.0, "percent_statements_covered_display": "100"}, "missing_lines": [], "excluded_lines": []}}, "classes": {"": {"executed_lines": [1, 5, 6, 7, 8, 9, 12, 17, 18, 19, 21, 22, 23, 25, 26, 27, 28, 29, 31, 32, 33, 34, 36, 37, 39, 40, 41, 43, 45, 50], "summary": {"covered_lines": 29, "num_statements": 29, "percent_covered": 100.0, "percent_covered_display": "100", "missing_lines": 0, "excluded_lines": 0, "percent_statements_covered": 100.0, "percent_statements_covered_display": "100"}, "missing_lines": [], "excluded_lines": []}}}, "backend/services/polling_service.py": {"executed_lines": [1, 5, 6, 7, 8, 9, 10, 11, 12, 13, 14, 17, 23, 24, 26, 27, 28, 29, 30, 35, 38, 40, 41, 44, 45, 46, 47, 50, 51, 53, 54, 57, 62, 63, 64, 67, 69, 70, 71, 73, 74, 77, 80, 81, 82, 85, 86, 87, 89, 90, 93, 94, 97, 98, 99, 102, 103, 106, 107, 109, 110, 111, 113, 115, 116, 117, 119, 120, 123, 124, 127, 128, 130, 131, 132, 133, 134, 135, 138, 139, 140, 141, 144, 145, 151, 152, 153, 154, 155, 156, 159, 161, 163, 164, 165, 167, 171, 172, 173, 174, 175, 177, 182, 183, 184, 187, 189, 190, 198, 199, 200, 213, 225, 227, 229, 236, 241, 242, 244, 245, 248, 249, 251, 255, 256, 257, 259, 265, 266, 267, 268, 269, 270, 271, 291, 293, 294, 296], "summary": {"covered_lines": 137, "num_statements": 169, "percent_covered": 81.06508875739645, "percent_covered_display": "81", "missing_lines": 32, "excluded_lines": 0, "percent_statements_covered": 81.06508875739645, "percent_statements_covered_display": "81"}, "missing_lines": [31, 32, 104, 147, 149, 168, 169, 202, 204, 208, 209, 210, 211, 231, 232, 252, 253, 273, 275, 276, 277, 279, 280, 281, 282, 284, 286, 287, 288, 289, 298, 299], "excluded_lines": [], "functions": {"calculate_interface_speed": {"executed_lines": [23, 24, 26, 27, 28, 29, 30, 35], "summary": {"covered_lines": 8, "num_statements": 10, "percent_covered": 80.0, "percent_covered_display": "80", "missing_lines": 2, "excluded_lines": 0, "percent_statements_covered": 80.0, "percent_statements_covered_display": "80"}, "missing_lines": [31, 32], "excluded_lines": []}, "clear_interface_alerts": {"executed_lines": [40, 41, 44, 45, 46, 47, 50, 51, 53, 54], "summary": {"covered_lines": 10, "num_statements": 10, "percent_covered": 100.0, "percent_covered_display": "100", "missing_lines": 0, "excluded_lines": 0, "percent_statements_covered": 100.0, "percent_statements_covered_display": "100"}, "missing_lines": [], "excluded_lines": []}, "poll_device": {"executed_lines": [62, 63, 64, 67, 69, 70, 71, 73, 74, 77, 80, 81, 82, 85, 86, 87, 89, 90, 93, 94, 97, 98, 99, 102, 103, 106, 107, 109, 110, 111, 113, 115, 116, 117, 119, 120, 123, 124, 127, 128, 130, 131, 132, 133, 134, 135, 138, 139, 140, 141, 144, 145, 151, 152, 153, 154, 155, 156], "summary": {"covered_lines": 58, "num_statements": 61, "percent_covered": 95.08196721311475, "percent_covered_display": "95", "missing_lines": 3, "excluded_lines": 0, "percent_statements_covered": 95.08196721311475, "percent_statements_covered_display": "95"}, "missing_lines": [104, 147, 149], "excluded_lines": []}, "poll_interfaces": {"executed_lines": [161, 163, 164, 165, 167, 171, 172, 173, 174, 175, 177, 182, 183, 184, 187, 189, 190, 198, 199, 200, 213, 225, 227, 229], "summary": {"covered_lines": 24, "num_statements": 34, "percent_covered": 70.58823529411765, "percent_covered_display": "71", "missing_lines": 10, "excluded_lines": 0, "percent_statements_covered": 70.58823529411765, "percent_statements_covered_display": "71"}, "missing_lines": [168, 169, 202, 204, 208, 209, 210, 211, 231, 232], "excluded_lines": []}, "perform_full_poll": {"executed_lines": [241, 242, 244, 245, 248, 249, 251, 255, 256, 257, 259, 293, 294, 296], "summary": {"covered_lines": 14, "num_statements": 18, "percent_covered": 77.77777777777777, "percent_covered_display": "78", "missing_lines": 4, "excluded_lines": 0, "percent_statements_covered": 77.77777777777777, "percent_statements_covered_display": "78"}, "missing_lines": [252, 253, 298, 299], "excluded_lines": []}, "perform_full_poll.limited_polling": {"executed_lines": [265, 266, 267, 268, 269, 270, 271, 291], "summary": {"covered_lines": 8, "num_statements": 21, "percent_covered": 38.095238095238095, "percent_covered_display": "38", "missing_lines": 13, "excluded_lines": 0, "percent_statements_covered": 38.095238095238095, "percent_statements_covered_display": "38"}, "missing_lines": [273, 275, 276, 277, 279, 280, 281, 282, 284, 286, 287, 288, 289], "excluded_lines": []}, "": {"executed_lines": [1, 5, 6, 7, 8, 9, 10, 11, 12, 13, 14, 17, 38, 57, 159, 236], "summary": {"covered_lines": 15, "num_statements": 15, "percent_covered": 100.0, "percent_covered_display": "100", "missing_lines": 0, "excluded_lines": 0, "percent_statements_covered": 100.0, "percent_statements_covered_display": "100"}, "missing_lines": [], "excluded_lines": []}}, "classes": {"": {"executed_lines": [1, 5, 6, 7, 8, 9, 10, 11, 12, 13, 14, 17, 23, 24, 26, 27, 28, 29, 30, 35, 38, 40, 41, 44, 45, 46, 47, 50, 51, 53, 54, 57, 62, 63, 64, 67, 69, 70, 71, 73, 74, 77, 80, 81, 82, 85, 86, 87, 89, 90, 93, 94, 97, 98, 99, 102, 103, 106, 107, 109, 110, 111, 113, 115, 116, 117, 119, 120, 123, 124, 127, 128, 130, 131, 132, 133, 134, 135, 138, 139, 140, 141, 144, 145, 151, 152, 153, 154, 155, 156, 159, 161, 163, 164, 165, 167, 171, 172, 173, 174, 175, 177, 182, 183, 184, 187, 189, 190, 198, 199, 200, 213, 225, 227, 229, 236, 241, 242, 244, 245, 248, 249, 251, 255, 256, 257, 259, 265, 266, 267, 268, 269, 270, 271, 291, 293, 294, 296], "summary": {"covered_lines": 137, "num_statements": 169, "percent_covered": 81.06508875739645, "percent_covered_display": "81", "missing_lines": 32, "excluded_lines": 0, "percent_statements_covered": 81.06508875739645, "percent_statements_covered_display": "81"}, "missing_lines": [31, 32, 104, 147, 149, 168, 169, 202, 204, 208, 209, 210, 211, 231, 232, 252, 253, 273, 275, 276, 277, 279, 280, 281, 282, 284, 286, 287, 288, 289, 298, 299], "excluded_lines": []}}}, "backend/services/polling_state.py": {"executed_lines": [1, 5, 6, 9, 10, 12, 13, 14, 15, 17, 34, 40, 45, 55, 58, 60], "summary": {"covered_lines": 14, "num_statements": 27, "percent_covered": 51.851851851851855, "percent_covered_display": "52", "missing_lines": 13, "excluded_lines": 0, "percent_statements_covered": 51.851851851851855, "percent_statements_covered_display": "52"}, "missing_lines": [27, 28, 29, 30, 31, 32, 36, 37, 38, 42, 43, 47, 48], "excluded_lines": [], "functions": {"PollingState.__init__": {"executed_lines": [13, 14, 15], "summary": {"covered_lines": 3, "num_statements": 3, "percent_covered": 100.0, "percent_covered_display": "100", "missing_lines": 0, "excluded_lines": 0, "percent_statements_covered": 100.0, "percent_statements_covered_display": "100"}, "missing_lines": [], "excluded_lines": []}, "PollingState.start_polling": {"executed_lines": [], "summary": {"covered_lines": 0, "num_statements": 6, "percent_covered": 0.0, "percent_covered_display": "0", "missing_lines": 6, "excluded_lines": 0, "percent_statements_covered": 0.0, "percent_statements_covered_display": "0"}, "missing_lines": [27, 28, 29, 30, 31, 32], "excluded_lines": []}, "PollingState.end_polling": {"executed_lines": [], "summary": {"covered_lines": 0, "num_statements": 3, "percent_covered": 0.0, "percent_covered_display": "0", "missing_lines": 3, "excluded_lines": 0, "percent_statements_covered": 0.0, "percent_statements_covered_display": "0"}, "missing_lines": [36, 37, 38], "excluded_lines": []}, "PollingState.is_polling": {"executed_lines": [], "summary": {"covered_lines": 0, "num_statements": 2, "percent_covered": 0.0, "percent_covered_display": "0", "missing_lines": 2, "excluded_lines": 0, "percent_statements_covered": 0.0, "percent_statements_covered_display": "0"}, "missing_lines": [42, 43], "excluded_lines": []}, "PollingState.get_status": {"executed_lines": [], "summary": {"covered_lines": 0, "num_statements": 2, "percent_covered": 0.0, "percent_covered_display": "0", "missing_lines": 2, "excluded_lines": 0, "percent_statements_covered": 0.0, "percent_statements_covered_display": "0"}, "missing_lines": [47, 48], "excluded_lines": []}, "get_polling_state": {"executed_lines": [60], "summary": {"covered_lines": 1, "num_statements": 1, "percent_covered": 100.0, "percent_covered_display": "100", "missing_lines": 0, "excluded_lines": 0, "percent_statements_covered": 100.0, "percent_statements_covered_display": "100"}, "missing_lines": [], "excluded_lines": []}, "": {"executed_lines": [1, 5, 6, 9, 10, 12, 17, 34, 40, 45, 55, 58], "summary": {"covered_lines": 10, "num_statements": 10, "percent_covered": 100.0, "percent_covered_display": "100", "missing_lines": 0, "excluded_lines": 0, "percent_statements_covered": 100.0, "percent_statements_covered_display": "100"}, "missing_lines": [], "excluded_lines": []}}, "classes": {"PollingState": {"executed_lines": [13, 14, 15], "summary": {"covered_lines": 3, "num_statements": 16, "percent_covered": 18.75, "percent_covered_display": "19", "missing_lines": 13, "excluded_lines": 0, "percent_statements_covered": 18.75, "percent_statements_covered_display": "19"}, "missing_lines": [27, 28, 29, 30, 31, 32, 36, 37, 38, 42, 43, 47, 48], "excluded_lines": []}, "": {"executed_lines": [1, 5, 6, 9, 10, 12, 17, 34, 40, 45, 55, 58, 60], "summary": {"covered_lines": 11, "num_statements": 11, "percent_covered": 100.0, "percent_covered_display": "100", "missing_lines": 0, "excluded_lines": 0, "percent_statements_covered": 100.0, "percent_statements_covered_display": "100"}, "missing_lines": [], "excluded_lines": []}}}, "backend/services/snmp_service.py": {"executed_lines": [1, 5, 6, 7, 8, 9, 10, 20, 21, 22, 23, 24, 26, 29, 33, 34, 35, 36, 39, 40, 44, 54, 55, 57, 58, 59, 60, 62, 63, 64, 65, 66, 67, 68, 76, 77, 79, 80, 81, 82, 87, 88, 94, 100, 101, 105, 106, 107, 108, 111, 113, 114, 116, 117, 118, 127, 128, 130, 134, 138, 139, 141, 142, 180, 181, 184, 190, 193, 199, 202], "summary": {"covered_lines": 67, "num_statements": 112, "percent_covered": 59.82142857142857, "percent_covered_display": "60", "missing_lines": 45, "excluded_lines": 0, "percent_statements_covered": 59.82142857142857, "percent_statements_covered_display": "60"}, "missing_lines": [30, 37, 41, 46, 47, 91, 92, 102, 103, 131, 135, 145, 146, 147, 148, 149, 151, 152, 155, 156, 157, 158, 159, 161, 168, 169, 172, 175, 176, 178, 207, 208, 210, 211, 212, 214, 215, 217, 222, 223, 224, 225, 226, 227, 229], "excluded_lines": [], "functions": {"get_repository": {"executed_lines": [], "summary": {"covered_lines": 0, "num_statements": 1, "percent_covered": 0.0, "percent_covered_display": "0", "missing_lines": 1, "excluded_lines": 0, "percent_statements_covered": 0.0, "percent_statements_covered_display": "0"}, "missing_lines": [30], "excluded_lines": []}, "SNMPClient.get": {"executed_lines": [], "summary": {"covered_lines": 0, "num_statements": 1, "percent_covered": 0.0, "percent_covered_display": "0", "missing_lines": 1, "excluded_lines": 0, "percent_statements_covered": 0.0, "percent_statements_covered_display": "0"}, "missing_lines": [37], "excluded_lines": []}, "SNMPClient.bulk_walk": {"executed_lines": [], "summary": {"covered_lines": 0, "num_statements": 1, "percent_covered": 0.0, "percent_covered_display": "0", "missing_lines": 1, "excluded_lines": 0, "percent_statements_covered": 0.0, "percent_statements_covered_display": "0"}, "missing_lines": [41], "excluded_lines": []}, "get_snmp_client": {"executed_lines": [], "summary": {"covered_lines": 0, "num_statements": 2, "percent_covered": 0.0, "percent_covered_display": "0", "missing_lines": 2, "excluded_lines": 0, "percent_statements_covered": 0.0, "percent_statements_covered_display": "0"}, "missing_lines": [46, 47], "excluded_lines": []}, "PySNMPClient.__init__": {"executed_lines": [58, 59, 60], "summary": {"covered_lines": 3, "num_statements": 3, "percent_covered": 100.0, "percent_covered_display": "100", "missing_lines": 0, "excluded_lines": 0, "percent_statements_covered": 100.0, "percent_statements_covered_display": "100"}, "missing_lines": [], "excluded_lines": []}, "PySNMPClient.get": {"executed_lines": [63, 64, 65, 66, 67, 68, 76, 77, 79, 80, 81, 82, 87, 88, 94, 100, 101], "summary": {"covered_lines": 17, "num_statements": 21, "percent_covered": 80.95238095238095, "percent_covered_display": "81", "missing_lines": 4, "excluded_lines": 0, "percent_statements_covered": 80.95238095238095, "percent_statements_covered_display": "81"}, "missing_lines": [91, 92, 102, 103], "excluded_lines": []}, "PySNMPClient.bulk_walk": {"executed_lines": [106, 107, 108, 111, 113, 114, 116, 117, 118, 127, 128, 130, 134, 138, 139, 141, 142, 180, 181], "summary": {"covered_lines": 19, "num_statements": 40, "percent_covered": 47.5, "percent_covered_display": "48", "missing_lines": 21, "excluded_lines": 0, "percent_statements_covered": 47.5, "percent_statements_covered_display": "48"}, "missing_lines": [131, 135, 145, 146, 147, 148, 149, 151, 152, 155, 156, 157, 158, 159, 161, 168, 169, 172, 175, 176, 178], "excluded_lines": []}, "get_snmp_data": {"executed_lines": [190], "summary": {"covered_lines": 1, "num_statements": 1, "percent_covered": 100.0, "percent_covered_display": "100", "missing_lines": 0, "excluded_lines": 0, "percent_statements_covered": 100.0, "percent_statements_covered_display": "100"}, "missing_lines": [], "excluded_lines": []}, "bulk_snmp_walk": {"executed_lines": [199], "summary": {"covered_lines": 1, "num_statements": 1, "percent_covered": 100.0, "percent_covered_display": "100", "missing_lines": 0, "excluded_lines": 0, "percent_statements_covered": 100.0, "percent_statements_covered_display": "100"}, "missing_lines": [], "excluded_lines": []}, "device_discovery": {"executed_lines": [], "summary": {"covered_lines": 0, "num_statements": 15, "percent_covered": 0.0, "percent_covered_display": "0", "missing_lines": 15, "excluded_lines": 0, "percent_statements_covered": 0.0, "percent_statements_covered_display": "0"}, "missing_lines": [207, 208, 210, 211, 212, 214, 215, 217, 222, 223, 224, 225, 226, 227, 229], "excluded_lines": []}, "": {"executed_lines": [1, 5, 6, 7, 8, 9, 10, 20, 21, 22, 23, 24, 26, 29, 33, 34, 35, 36, 39, 40, 44, 54, 55, 57, 62, 105, 184, 193, 202], "summary": {"covered_lines": 26, "num_statements": 26, "percent_covered": 100.0, "percent_covered_display": "100", "missing_lines": 0, "excluded_lines": 0, "percent_statements_covered": 100.0, "percent_statements_covered_display": "100"}, "missing_lines": [], "excluded_lines": []}}, "classes": {"SNMPClient": {"executed_lines": [], "summary": {"covered_lines": 0, "num_statements": 2, "percent_covered": 0.0, "percent_covered_display": "0", "missing_lines": 2, "excluded_lines": 0, "percent_statements_covered": 0.0, "percent_statements_covered_display": "0"}, "missing_lines": [37, 41], "excluded_lines": []}, "PySNMPClient": {"executed_lines": [58, 59, 60, 63, 64, 65, 66, 67, 68, 76, 77, 79, 80, 81, 82, 87, 88, 94, 100, 101, 106, 107, 108, 111, 113, 114, 116, 117, 118, 127, 128, 130, 134, 138, 139, 141, 142, 180, 181], "summary": {"covered_lines": 39, "num_statements": 64, "percent_covered": 60.9375, "percent_covered_display": "61", "missing_lines": 25, "excluded_lines": 0, "percent_statements_covered": 60.9375, "percent_statements_covered_display": "61"}, "missing_lines": [91, 92, 102, 103, 131, 135, 145, 146, 147, 148, 149, 151, 152, 155, 156, 157, 158, 159, 161, 168, 169, 172, 175, 176, 178], "excluded_lines": []}, "": {"executed_lines": [1, 5, 6, 7, 8, 9, 10, 20, 21, 22, 23, 24, 26, 29, 33, 34, 35, 36, 39, 40, 44, 54, 55, 57, 62, 105, 184, 190, 193, 199, 202], "summary": {"covered_lines": 28, "num_statements": 46, "percent_covered": 60.869565217391305, "percent_covered_display": "61", "missing_lines": 18, "excluded_lines": 0, "percent_statements_covered": 60.869565217391305, "percent_statements_covered_display": "61"}, "missing_lines": [30, 46, 47, 207, 208, 210, 211, 212, 214, 215, 217, 222, 223, 224, 225, 226, 227, 229], "excluded_lines": []}}}}, "totals": {"covered_lines": 1396, "num_statements": 2068, "percent_covered": 67.50483558994198, "percent_covered_display": "68", "missing_lines": 672, "excluded_lines": 0, "percent_statements_covered": 67.50483558994198, "percent_statements_covered_display": "68"}}